<?xml version="1.0" encoding="UTF-8"?>
<coverage generated="1580345246280" clover="3.2.0">
  <project timestamp="1580345246281" name="All files">
    <metrics statements="68" coveredstatements="46" conditionals="142" coveredconditionals="67" methods="64" coveredmethods="37" elements="274" coveredelements="150" complexity="0" loc="68" ncloc="68" packages="3" files="10" classes="10"/>
    <package name="neocharge-app">
      <metrics statements="46" coveredstatements="28" conditionals="107" coveredconditionals="47" methods="47" coveredmethods="25"/>
      <file name="GraphComponent.js" path="/Users/hannahkwan/NeoChargeApp/TheJuicerz/neocharge-app/GraphComponent.js">
        <metrics statements="17" coveredstatements="7" conditionals="35" coveredconditionals="14" methods="16" coveredmethods="6"/>
        <line num="1" count="1" type="stmt"/>
        <line num="2" count="1" type="stmt"/>
        <line num="3" count="2" type="cond" truecount="14" falsecount="21"/>
        <line num="6" count="1" type="stmt"/>
        <line num="7" count="0" type="stmt"/>
        <line num="8" count="0" type="stmt"/>
        <line num="9" count="0" type="stmt"/>
        <line num="11" count="0" type="stmt"/>
        <line num="13" count="1" type="stmt"/>
        <line num="16" count="0" type="stmt"/>
        <line num="17" count="0" type="stmt"/>
        <line num="19" count="0" type="stmt"/>
        <line num="25" count="0" type="stmt"/>
        <line num="29" count="0" type="stmt"/>
        <line num="30" count="0" type="stmt"/>
        <line num="78" count="1" type="stmt"/>
        <line num="81" count="1" type="stmt"/>
      </file>
      <file name="HomeOption.js" path="/Users/hannahkwan/NeoChargeApp/TheJuicerz/neocharge-app/HomeOption.js">
        <metrics statements="8" coveredstatements="5" conditionals="35" coveredconditionals="14" methods="15" coveredmethods="6"/>
        <line num="1" count="1" type="stmt"/>
        <line num="2" count="1" type="cond" truecount="14" falsecount="21"/>
        <line num="4" count="1" type="stmt"/>
        <line num="5" count="0" type="stmt"/>
        <line num="6" count="0" type="stmt"/>
        <line num="8" count="0" type="stmt"/>
        <line num="16" count="1" type="stmt"/>
        <line num="19" count="1" type="stmt"/>
      </file>
      <file name="RateDisplay.js" path="/Users/hannahkwan/NeoChargeApp/TheJuicerz/neocharge-app/RateDisplay.js">
        <metrics statements="21" coveredstatements="16" conditionals="37" coveredconditionals="19" methods="16" coveredmethods="13"/>
        <line num="1" count="1" type="stmt"/>
        <line num="2" count="2" type="cond" truecount="19" falsecount="16"/>
        <line num="4" count="1" type="stmt"/>
        <line num="5" count="1" type="stmt"/>
        <line num="6" count="1" type="stmt"/>
        <line num="7" count="1" type="stmt"/>
        <line num="8" count="1" type="stmt"/>
        <line num="10" count="1" type="stmt"/>
        <line num="13" count="1" type="stmt"/>
        <line num="14" count="1" type="stmt"/>
        <line num="15" count="1" type="stmt"/>
        <line num="16" count="1" type="stmt"/>
        <line num="18" count="1" type="stmt"/>
        <line num="19" count="0" type="stmt"/>
        <line num="20" count="0" type="stmt"/>
        <line num="22" count="0" type="cond" truecount="0" falsecount="2"/>
        <line num="23" count="0" type="stmt"/>
        <line num="27" count="0" type="stmt"/>
        <line num="32" count="1" type="stmt"/>
        <line num="38" count="1" type="stmt"/>
        <line num="41" count="1" type="stmt"/>
      </file>
    </package>
    <package name="neocharge-app.assets">
      <metrics statements="6" coveredstatements="6" conditionals="0" coveredconditionals="0" methods="0" coveredmethods="0"/>
      <file name="car-icon.png" path="/Users/hannahkwan/NeoChargeApp/TheJuicerz/neocharge-app/assets/car-icon.png">
        <metrics statements="1" coveredstatements="1" conditionals="0" coveredconditionals="0" methods="0" coveredmethods="0"/>
        <line num="1" count="1" type="stmt"/>
      </file>
      <file name="empty-battery.png" path="/Users/hannahkwan/NeoChargeApp/TheJuicerz/neocharge-app/assets/empty-battery.png">
        <metrics statements="1" coveredstatements="1" conditionals="0" coveredconditionals="0" methods="0" coveredmethods="0"/>
        <line num="1" count="1" type="stmt"/>
      </file>
      <file name="history-icon.png" path="/Users/hannahkwan/NeoChargeApp/TheJuicerz/neocharge-app/assets/history-icon.png">
        <metrics statements="1" coveredstatements="1" conditionals="0" coveredconditionals="0" methods="0" coveredmethods="0"/>
        <line num="1" count="1" type="stmt"/>
      </file>
      <file name="notification-icon.png" path="/Users/hannahkwan/NeoChargeApp/TheJuicerz/neocharge-app/assets/notification-icon.png">
        <metrics statements="1" coveredstatements="1" conditionals="0" coveredconditionals="0" methods="0" coveredmethods="0"/>
        <line num="1" count="1" type="stmt"/>
      </file>
      <file name="schedule-icon.png" path="/Users/hannahkwan/NeoChargeApp/TheJuicerz/neocharge-app/assets/schedule-icon.png">
        <metrics statements="1" coveredstatements="1" conditionals="0" coveredconditionals="0" methods="0" coveredmethods="0"/>
        <line num="1" count="1" type="stmt"/>
      </file>
      <file name="smart-settings-icon.png" path="/Users/hannahkwan/NeoChargeApp/TheJuicerz/neocharge-app/assets/smart-settings-icon.png">
        <metrics statements="1" coveredstatements="1" conditionals="0" coveredconditionals="0" methods="0" coveredmethods="0"/>
        <line num="1" count="1" type="stmt"/>
      </file>
    </package>
    <package name="neocharge-app.screens">
      <metrics statements="16" coveredstatements="12" conditionals="35" coveredconditionals="20" methods="17" coveredmethods="12"/>
      <file name="HomeScreen.js" path="/Users/hannahkwan/NeoChargeApp/TheJuicerz/neocharge-app/screens/HomeScreen.js">
        <metrics statements="16" coveredstatements="12" conditionals="35" coveredconditionals="20" methods="17" coveredmethods="12"/>
        <line num="1" count="1" type="stmt"/>
        <line num="2" count="1" type="stmt"/>
        <line num="3" count="1" type="stmt"/>
        <line num="4" count="1" type="stmt"/>
        <line num="5" count="3" type="cond" truecount="20" falsecount="15"/>
        <line num="7" count="1" type="stmt"/>
        <line num="8" count="1" type="stmt"/>
        <line num="9" count="1" type="stmt"/>
        <line num="17" count="0" type="stmt"/>
        <line num="18" count="0" type="stmt"/>
        <line num="25" count="0" type="stmt"/>
        <line num="27" count="0" type="stmt"/>
        <line num="29" count="1" type="stmt"/>
        <line num="32" count="1" type="stmt"/>
        <line num="97" count="1" type="stmt"/>
        <line num="100" count="1" type="stmt"/>
      </file>
    </package>
  </project>
</coverage>
