{"/Users/caseydaly/NeoCharge/TheJuicerz/neocharge-app/components/OnboardingLogo.js": {"path":"/Users/caseydaly/NeoCharge/TheJuicerz/neocharge-app/components/OnboardingLogo.js","statementMap":{"0":{"start":{"line":1,"column":13},"end":{"line":1,"column":75}},"1":{"start":{"line":1,"column":75},"end":{"line":1,"column":100}},"2":{"start":{"line":1,"column":113},"end":{"line":1,"column":153}},"3":{"start":{"line":2,"column":19},"end":{"line":2,"column":42}},"4":{"start":{"line":2,"column":62},"end":{"line":2,"column":144}},"5":{"start":{"line":2,"column":183},"end":{"line":2,"column":237}},"6":{"start":{"line":4,"column":21},"end":{"line":11,"column":1}},"7":{"start":{"line":6,"column":2},"end":{"line":8,"column":156}},"8":{"start":{"line":13,"column":13},"end":{"line":19,"column":27}},"9":{"start":{"line":23,"column":0},"end":{"line":23,"column":14}},"10":{"start":{"line":23,"column":15},"end":{"line":23,"column":42}}},"fnMap":{"0":{"name":"_interopRequireDefault","decl":{"start":{"line":2,"column":154},"end":{"line":2,"column":176}},"loc":{"start":{"line":2,"column":182},"end":{"line":2,"column":238}},"line":2},"1":{"name":"OnboardingLogo","decl":{"start":{"line":4,"column":30},"end":{"line":4,"column":44}},"loc":{"start":{"line":4,"column":52},"end":{"line":11,"column":1}},"line":4}},"branchMap":{"0":{"loc":{"start":{"line":2,"column":190},"end":{"line":2,"column":236}},"type":"cond-expr","locations":[{"start":{"line":2,"column":214},"end":{"line":2,"column":217}},{"start":{"line":2,"column":220},"end":{"line":2,"column":236}}],"line":2},"1":{"loc":{"start":{"line":2,"column":190},"end":{"line":2,"column":211}},"type":"binary-expr","locations":[{"start":{"line":2,"column":190},"end":{"line":2,"column":193}},{"start":{"line":2,"column":197},"end":{"line":2,"column":211}}],"line":2}},"s":{"0":1,"1":1,"2":1,"3":1,"4":1,"5":1,"6":1,"7":1,"8":1,"9":1,"10":1},"f":{"0":1,"1":1},"b":{"0":[0,1],"1":[1,1]},"_coverageSchema":"1a1c01bbd47fc00a2c39e90264f33305004495a9","hash":"f610fdf45a2187aa1e12fc900d7b8b02aec4c088"}
,"/Users/caseydaly/NeoCharge/TheJuicerz/neocharge-app/components/RateDisplay.js": {"path":"/Users/caseydaly/NeoCharge/TheJuicerz/neocharge-app/components/RateDisplay.js","statementMap":{"0":{"start":{"line":1,"column":13},"end":{"line":1,"column":75}},"1":{"start":{"line":1,"column":75},"end":{"line":1,"column":100}},"2":{"start":{"line":1,"column":113},"end":{"line":1,"column":153}},"3":{"start":{"line":2,"column":19},"end":{"line":2,"column":42}},"4":{"start":{"line":2,"column":62},"end":{"line":2,"column":141}},"5":{"start":{"line":2,"column":180},"end":{"line":2,"column":234}},"6":{"start":{"line":2,"column":284},"end":{"line":2,"column":383}},"7":{"start":{"line":2,"column":325},"end":{"line":2,"column":382}},"8":{"start":{"line":2,"column":427},"end":{"line":2,"column":692}},"9":{"start":{"line":2,"column":440},"end":{"line":2,"column":441}},"10":{"start":{"line":2,"column":484},"end":{"line":2,"column":492}},"11":{"start":{"line":2,"column":493},"end":{"line":2,"column":548}},"12":{"start":{"line":2,"column":548},"end":{"line":2,"column":579}},"13":{"start":{"line":2,"column":579},"end":{"line":2,"column":633}},"14":{"start":{"line":2,"column":606},"end":{"line":2,"column":633}},"15":{"start":{"line":2,"column":633},"end":{"line":2,"column":691}},"16":{"start":{"line":2,"column":754},"end":{"line":2,"column":823}},"17":{"start":{"line":2,"column":770},"end":{"line":2,"column":823}},"18":{"start":{"line":2,"column":823},"end":{"line":2,"column":884}},"19":{"start":{"line":2,"column":840},"end":{"line":2,"column":884}},"20":{"start":{"line":2,"column":884},"end":{"line":2,"column":903}},"21":{"start":{"line":2,"column":953},"end":{"line":2,"column":1037}},"22":{"start":{"line":2,"column":1024},"end":{"line":2,"column":1036}},"23":{"start":{"line":2,"column":1037},"end":{"line":2,"column":1073}},"24":{"start":{"line":2,"column":1113},"end":{"line":2,"column":1222}},"25":{"start":{"line":2,"column":1135},"end":{"line":2,"column":1221}},"26":{"start":{"line":2,"column":1222},"end":{"line":2,"column":1234}},"27":{"start":{"line":2,"column":1264},"end":{"line":2,"column":1408}},"28":{"start":{"line":2,"column":1359},"end":{"line":2,"column":1406}},"29":{"start":{"line":2,"column":1408},"end":{"line":2,"column":1434}},"30":{"start":{"line":2,"column":1477},"end":{"line":2,"column":1614}},"31":{"start":{"line":2,"column":1539},"end":{"line":2,"column":1613}},"32":{"start":{"line":2,"column":1614},"end":{"line":2,"column":1759}},"33":{"start":{"line":2,"column":1759},"end":{"line":2,"column":1813}},"34":{"start":{"line":2,"column":1775},"end":{"line":2,"column":1813}},"35":{"start":{"line":2,"column":1846},"end":{"line":2,"column":1948}},"36":{"start":{"line":2,"column":1921},"end":{"line":2,"column":1937}},"37":{"start":{"line":2,"column":1937},"end":{"line":2,"column":1946}},"38":{"start":{"line":2,"column":1948},"end":{"line":2,"column":1977}},"39":{"start":{"line":4,"column":14},"end":{"line":38,"column":56}},"40":{"start":{"line":4,"column":43},"end":{"line":4,"column":84}},"41":{"start":{"line":5,"column":41},"end":{"line":5,"column":76}},"42":{"start":{"line":6,"column":4},"end":{"line":6,"column":93}},"43":{"start":{"line":7,"column":4},"end":{"line":8,"column":40}},"44":{"start":{"line":8,"column":40},"end":{"line":8,"column":53}},"45":{"start":{"line":10,"column":3},"end":{"line":38,"column":10}},"46":{"start":{"line":13,"column":20},"end":{"line":13,"column":35}},"47":{"start":{"line":14,"column":18},"end":{"line":14,"column":19}},"48":{"start":{"line":15,"column":18},"end":{"line":15,"column":68}},"49":{"start":{"line":16,"column":19},"end":{"line":16,"column":38}},"50":{"start":{"line":18,"column":6},"end":{"line":24,"column":9}},"51":{"start":{"line":19,"column":19},"end":{"line":19,"column":61}},"52":{"start":{"line":20,"column":23},"end":{"line":20,"column":46}},"53":{"start":{"line":22,"column":8},"end":{"line":23,"column":30}},"54":{"start":{"line":23,"column":8},"end":{"line":23,"column":30}},"55":{"start":{"line":27,"column":6},"end":{"line":27,"column":19}},"56":{"start":{"line":32,"column":6},"end":{"line":35,"column":147}},"57":{"start":{"line":38,"column":10},"end":{"line":38,"column":29}},"58":{"start":{"line":38,"column":57},"end":{"line":38,"column":87}},"59":{"start":{"line":41,"column":13},"end":{"line":55,"column":21}}},"fnMap":{"0":{"name":"_interopRequireDefault","decl":{"start":{"line":2,"column":151},"end":{"line":2,"column":173}},"loc":{"start":{"line":2,"column":179},"end":{"line":2,"column":235}},"line":2},"1":{"name":"_classCallCheck","decl":{"start":{"line":2,"column":244},"end":{"line":2,"column":259}},"loc":{"start":{"line":2,"column":283},"end":{"line":2,"column":384}},"line":2},"2":{"name":"_defineProperties","decl":{"start":{"line":2,"column":393},"end":{"line":2,"column":410}},"loc":{"start":{"line":2,"column":426},"end":{"line":2,"column":693}},"line":2},"3":{"name":"_createClass","decl":{"start":{"line":2,"column":702},"end":{"line":2,"column":714}},"loc":{"start":{"line":2,"column":753},"end":{"line":2,"column":904}},"line":2},"4":{"name":"_possibleConstructorReturn","decl":{"start":{"line":2,"column":913},"end":{"line":2,"column":939}},"loc":{"start":{"line":2,"column":952},"end":{"line":2,"column":1074}},"line":2},"5":{"name":"_assertThisInitialized","decl":{"start":{"line":2,"column":1083},"end":{"line":2,"column":1105}},"loc":{"start":{"line":2,"column":1112},"end":{"line":2,"column":1235}},"line":2},"6":{"name":"_getPrototypeOf","decl":{"start":{"line":2,"column":1244},"end":{"line":2,"column":1259}},"loc":{"start":{"line":2,"column":1263},"end":{"line":2,"column":1435}},"line":2},"7":{"name":"_getPrototypeOf","decl":{"start":{"line":2,"column":1339},"end":{"line":2,"column":1354}},"loc":{"start":{"line":2,"column":1358},"end":{"line":2,"column":1407}},"line":2},"8":{"name":"_inherits","decl":{"start":{"line":2,"column":1444},"end":{"line":2,"column":1453}},"loc":{"start":{"line":2,"column":1476},"end":{"line":2,"column":1814}},"line":2},"9":{"name":"_setPrototypeOf","decl":{"start":{"line":2,"column":1823},"end":{"line":2,"column":1838}},"loc":{"start":{"line":2,"column":1845},"end":{"line":2,"column":1978}},"line":2},"10":{"name":"_setPrototypeOf","decl":{"start":{"line":2,"column":1898},"end":{"line":2,"column":1913}},"loc":{"start":{"line":2,"column":1920},"end":{"line":2,"column":1947}},"line":2},"11":{"name":"(anonymous_11)","decl":{"start":{"line":4,"column":14},"end":{"line":4,"column":15}},"loc":{"start":{"line":4,"column":42},"end":{"line":38,"column":30}},"line":4},"12":{"name":"RateDisplay","decl":{"start":{"line":5,"column":11},"end":{"line":5,"column":22}},"loc":{"start":{"line":5,"column":30},"end":{"line":10,"column":3}},"line":5},"13":{"name":"getTotalCharge","decl":{"start":{"line":10,"column":71},"end":{"line":10,"column":85}},"loc":{"start":{"line":12,"column":4},"end":{"line":28,"column":5}},"line":12},"14":{"name":"(anonymous_14)","decl":{"start":{"line":18,"column":22},"end":{"line":18,"column":23}},"loc":{"start":{"line":18,"column":37},"end":{"line":24,"column":7}},"line":18},"15":{"name":"render","decl":{"start":{"line":28,"column":42},"end":{"line":28,"column":48}},"loc":{"start":{"line":30,"column":4},"end":{"line":38,"column":5}},"line":30}},"branchMap":{"0":{"loc":{"start":{"line":2,"column":187},"end":{"line":2,"column":233}},"type":"cond-expr","locations":[{"start":{"line":2,"column":211},"end":{"line":2,"column":214}},{"start":{"line":2,"column":217},"end":{"line":2,"column":233}}],"line":2},"1":{"loc":{"start":{"line":2,"column":187},"end":{"line":2,"column":208}},"type":"binary-expr","locations":[{"start":{"line":2,"column":187},"end":{"line":2,"column":190}},{"start":{"line":2,"column":194},"end":{"line":2,"column":208}}],"line":2},"2":{"loc":{"start":{"line":2,"column":284},"end":{"line":2,"column":383}},"type":"if","locations":[{"start":{"line":2,"column":284},"end":{"line":2,"column":383}},{"start":{"line":2,"column":284},"end":{"line":2,"column":383}}],"line":2},"3":{"loc":{"start":{"line":2,"column":517},"end":{"line":2,"column":547}},"type":"binary-expr","locations":[{"start":{"line":2,"column":517},"end":{"line":2,"column":538}},{"start":{"line":2,"column":542},"end":{"line":2,"column":547}}],"line":2},"4":{"loc":{"start":{"line":2,"column":579},"end":{"line":2,"column":633}},"type":"if","locations":[{"start":{"line":2,"column":579},"end":{"line":2,"column":633}},{"start":{"line":2,"column":579},"end":{"line":2,"column":633}}],"line":2},"5":{"loc":{"start":{"line":2,"column":754},"end":{"line":2,"column":823}},"type":"if","locations":[{"start":{"line":2,"column":754},"end":{"line":2,"column":823}},{"start":{"line":2,"column":754},"end":{"line":2,"column":823}}],"line":2},"6":{"loc":{"start":{"line":2,"column":823},"end":{"line":2,"column":884}},"type":"if","locations":[{"start":{"line":2,"column":823},"end":{"line":2,"column":884}},{"start":{"line":2,"column":823},"end":{"line":2,"column":884}}],"line":2},"7":{"loc":{"start":{"line":2,"column":953},"end":{"line":2,"column":1037}},"type":"if","locations":[{"start":{"line":2,"column":953},"end":{"line":2,"column":1037}},{"start":{"line":2,"column":953},"end":{"line":2,"column":1037}}],"line":2},"8":{"loc":{"start":{"line":2,"column":957},"end":{"line":2,"column":1021}},"type":"binary-expr","locations":[{"start":{"line":2,"column":957},"end":{"line":2,"column":961}},{"start":{"line":2,"column":966},"end":{"line":2,"column":990}},{"start":{"line":2,"column":994},"end":{"line":2,"column":1020}}],"line":2},"9":{"loc":{"start":{"line":2,"column":1113},"end":{"line":2,"column":1222}},"type":"if","locations":[{"start":{"line":2,"column":1113},"end":{"line":2,"column":1222}},{"start":{"line":2,"column":1113},"end":{"line":2,"column":1222}}],"line":2},"10":{"loc":{"start":{"line":2,"column":1282},"end":{"line":2,"column":1407}},"type":"cond-expr","locations":[{"start":{"line":2,"column":1306},"end":{"line":2,"column":1327}},{"start":{"line":2,"column":1330},"end":{"line":2,"column":1407}}],"line":2},"11":{"loc":{"start":{"line":2,"column":1366},"end":{"line":2,"column":1405}},"type":"binary-expr","locations":[{"start":{"line":2,"column":1366},"end":{"line":2,"column":1377}},{"start":{"line":2,"column":1381},"end":{"line":2,"column":1405}}],"line":2},"12":{"loc":{"start":{"line":2,"column":1477},"end":{"line":2,"column":1614}},"type":"if","locations":[{"start":{"line":2,"column":1477},"end":{"line":2,"column":1614}},{"start":{"line":2,"column":1477},"end":{"line":2,"column":1614}}],"line":2},"13":{"loc":{"start":{"line":2,"column":1481},"end":{"line":2,"column":1536}},"type":"binary-expr","locations":[{"start":{"line":2,"column":1481},"end":{"line":2,"column":1513}},{"start":{"line":2,"column":1517},"end":{"line":2,"column":1536}}],"line":2},"14":{"loc":{"start":{"line":2,"column":1649},"end":{"line":2,"column":1683}},"type":"binary-expr","locations":[{"start":{"line":2,"column":1649},"end":{"line":2,"column":1659}},{"start":{"line":2,"column":1663},"end":{"line":2,"column":1683}}],"line":2},"15":{"loc":{"start":{"line":2,"column":1759},"end":{"line":2,"column":1813}},"type":"if","locations":[{"start":{"line":2,"column":1759},"end":{"line":2,"column":1813}},{"start":{"line":2,"column":1759},"end":{"line":2,"column":1813}}],"line":2},"16":{"loc":{"start":{"line":2,"column":1864},"end":{"line":2,"column":1947}},"type":"binary-expr","locations":[{"start":{"line":2,"column":1864},"end":{"line":2,"column":1885}},{"start":{"line":2,"column":1889},"end":{"line":2,"column":1947}}],"line":2},"17":{"loc":{"start":{"line":22,"column":8},"end":{"line":23,"column":30}},"type":"if","locations":[{"start":{"line":22,"column":8},"end":{"line":23,"column":30}},{"start":{"line":22,"column":8},"end":{"line":23,"column":30}}],"line":22}},"s":{"0":1,"1":1,"2":1,"3":1,"4":1,"5":1,"6":1,"7":0,"8":1,"9":1,"10":2,"11":2,"12":2,"13":2,"14":2,"15":2,"16":1,"17":1,"18":1,"19":0,"20":1,"21":1,"22":0,"23":1,"24":1,"25":0,"26":1,"27":1,"28":0,"29":1,"30":1,"31":0,"32":1,"33":1,"34":1,"35":1,"36":0,"37":0,"38":1,"39":1,"40":1,"41":1,"42":1,"43":1,"44":1,"45":1,"46":1,"47":1,"48":1,"49":1,"50":1,"51":0,"52":0,"53":0,"54":0,"55":0,"56":1,"57":1,"58":1,"59":1},"f":{"0":1,"1":1,"2":1,"3":1,"4":1,"5":1,"6":1,"7":0,"8":1,"9":1,"10":0,"11":1,"12":1,"13":1,"14":0,"15":1},"b":{"0":[0,1],"1":[1,1],"2":[0,1],"3":[2,2],"4":[2,0],"5":[1,0],"6":[0,1],"7":[0,1],"8":[1,0,0],"9":[0,1],"10":[1,0],"11":[0,0],"12":[0,1],"13":[1,0],"14":[1,1],"15":[1,0],"16":[1,0],"17":[0,0]},"_coverageSchema":"1a1c01bbd47fc00a2c39e90264f33305004495a9","hash":"db2f759abd03d139df697413ba54ef49ddbb72ec"}
}
