{"/Users/hannahkwan/NeoChargeApp/TheJuicerz/neocharge-app/GraphComponent.js": {"path":"/Users/hannahkwan/NeoChargeApp/TheJuicerz/neocharge-app/GraphComponent.js","statementMap":{"0":{"start":{"line":1,"column":13},"end":{"line":1,"column":75}},"1":{"start":{"line":1,"column":75},"end":{"line":1,"column":100}},"2":{"start":{"line":1,"column":113},"end":{"line":1,"column":153}},"3":{"start":{"line":2,"column":19},"end":{"line":2,"column":42}},"4":{"start":{"line":3,"column":21},"end":{"line":3,"column":46}},"5":{"start":{"line":3,"column":66},"end":{"line":3,"column":141}},"6":{"start":{"line":3,"column":180},"end":{"line":3,"column":234}},"7":{"start":{"line":3,"column":284},"end":{"line":3,"column":383}},"8":{"start":{"line":3,"column":325},"end":{"line":3,"column":382}},"9":{"start":{"line":3,"column":427},"end":{"line":3,"column":692}},"10":{"start":{"line":3,"column":440},"end":{"line":3,"column":441}},"11":{"start":{"line":3,"column":484},"end":{"line":3,"column":492}},"12":{"start":{"line":3,"column":493},"end":{"line":3,"column":548}},"13":{"start":{"line":3,"column":548},"end":{"line":3,"column":579}},"14":{"start":{"line":3,"column":579},"end":{"line":3,"column":633}},"15":{"start":{"line":3,"column":606},"end":{"line":3,"column":633}},"16":{"start":{"line":3,"column":633},"end":{"line":3,"column":691}},"17":{"start":{"line":3,"column":754},"end":{"line":3,"column":823}},"18":{"start":{"line":3,"column":770},"end":{"line":3,"column":823}},"19":{"start":{"line":3,"column":823},"end":{"line":3,"column":884}},"20":{"start":{"line":3,"column":840},"end":{"line":3,"column":884}},"21":{"start":{"line":3,"column":884},"end":{"line":3,"column":903}},"22":{"start":{"line":3,"column":953},"end":{"line":3,"column":1037}},"23":{"start":{"line":3,"column":1024},"end":{"line":3,"column":1036}},"24":{"start":{"line":3,"column":1037},"end":{"line":3,"column":1073}},"25":{"start":{"line":3,"column":1113},"end":{"line":3,"column":1222}},"26":{"start":{"line":3,"column":1135},"end":{"line":3,"column":1221}},"27":{"start":{"line":3,"column":1222},"end":{"line":3,"column":1234}},"28":{"start":{"line":3,"column":1264},"end":{"line":3,"column":1408}},"29":{"start":{"line":3,"column":1359},"end":{"line":3,"column":1406}},"30":{"start":{"line":3,"column":1408},"end":{"line":3,"column":1434}},"31":{"start":{"line":3,"column":1477},"end":{"line":3,"column":1614}},"32":{"start":{"line":3,"column":1539},"end":{"line":3,"column":1613}},"33":{"start":{"line":3,"column":1614},"end":{"line":3,"column":1759}},"34":{"start":{"line":3,"column":1759},"end":{"line":3,"column":1813}},"35":{"start":{"line":3,"column":1775},"end":{"line":3,"column":1813}},"36":{"start":{"line":3,"column":1846},"end":{"line":3,"column":1948}},"37":{"start":{"line":3,"column":1921},"end":{"line":3,"column":1937}},"38":{"start":{"line":3,"column":1937},"end":{"line":3,"column":1946}},"39":{"start":{"line":3,"column":1948},"end":{"line":3,"column":1977}},"40":{"start":{"line":6,"column":17},"end":{"line":78,"column":59}},"41":{"start":{"line":6,"column":46},"end":{"line":6,"column":90}},"42":{"start":{"line":7,"column":44},"end":{"line":7,"column":82}},"43":{"start":{"line":8,"column":4},"end":{"line":8,"column":96}},"44":{"start":{"line":9,"column":4},"end":{"line":11,"column":32}},"45":{"start":{"line":11,"column":32},"end":{"line":11,"column":45}},"46":{"start":{"line":13,"column":3},"end":{"line":78,"column":10}},"47":{"start":{"line":16,"column":20},"end":{"line":16,"column":35}},"48":{"start":{"line":17,"column":26},"end":{"line":17,"column":28}},"49":{"start":{"line":19,"column":6},"end":{"line":21,"column":48}},"50":{"start":{"line":19,"column":38},"end":{"line":21,"column":45}},"51":{"start":{"line":25,"column":6},"end":{"line":25,"column":27}},"52":{"start":{"line":29,"column":24},"end":{"line":29,"column":67}},"53":{"start":{"line":30,"column":6},"end":{"line":69,"column":101}},"54":{"start":{"line":78,"column":10},"end":{"line":78,"column":32}},"55":{"start":{"line":78,"column":60},"end":{"line":78,"column":93}},"56":{"start":{"line":81,"column":13},"end":{"line":86,"column":35}}},"fnMap":{"0":{"name":"_interopRequireDefault","decl":{"start":{"line":3,"column":151},"end":{"line":3,"column":173}},"loc":{"start":{"line":3,"column":179},"end":{"line":3,"column":235}},"line":3},"1":{"name":"_classCallCheck","decl":{"start":{"line":3,"column":244},"end":{"line":3,"column":259}},"loc":{"start":{"line":3,"column":283},"end":{"line":3,"column":384}},"line":3},"2":{"name":"_defineProperties","decl":{"start":{"line":3,"column":393},"end":{"line":3,"column":410}},"loc":{"start":{"line":3,"column":426},"end":{"line":3,"column":693}},"line":3},"3":{"name":"_createClass","decl":{"start":{"line":3,"column":702},"end":{"line":3,"column":714}},"loc":{"start":{"line":3,"column":753},"end":{"line":3,"column":904}},"line":3},"4":{"name":"_possibleConstructorReturn","decl":{"start":{"line":3,"column":913},"end":{"line":3,"column":939}},"loc":{"start":{"line":3,"column":952},"end":{"line":3,"column":1074}},"line":3},"5":{"name":"_assertThisInitialized","decl":{"start":{"line":3,"column":1083},"end":{"line":3,"column":1105}},"loc":{"start":{"line":3,"column":1112},"end":{"line":3,"column":1235}},"line":3},"6":{"name":"_getPrototypeOf","decl":{"start":{"line":3,"column":1244},"end":{"line":3,"column":1259}},"loc":{"start":{"line":3,"column":1263},"end":{"line":3,"column":1435}},"line":3},"7":{"name":"_getPrototypeOf","decl":{"start":{"line":3,"column":1339},"end":{"line":3,"column":1354}},"loc":{"start":{"line":3,"column":1358},"end":{"line":3,"column":1407}},"line":3},"8":{"name":"_inherits","decl":{"start":{"line":3,"column":1444},"end":{"line":3,"column":1453}},"loc":{"start":{"line":3,"column":1476},"end":{"line":3,"column":1814}},"line":3},"9":{"name":"_setPrototypeOf","decl":{"start":{"line":3,"column":1823},"end":{"line":3,"column":1838}},"loc":{"start":{"line":3,"column":1845},"end":{"line":3,"column":1978}},"line":3},"10":{"name":"_setPrototypeOf","decl":{"start":{"line":3,"column":1898},"end":{"line":3,"column":1913}},"loc":{"start":{"line":3,"column":1920},"end":{"line":3,"column":1947}},"line":3},"11":{"name":"(anonymous_11)","decl":{"start":{"line":6,"column":17},"end":{"line":6,"column":18}},"loc":{"start":{"line":6,"column":45},"end":{"line":78,"column":33}},"line":6},"12":{"name":"GraphComponent","decl":{"start":{"line":7,"column":11},"end":{"line":7,"column":25}},"loc":{"start":{"line":7,"column":33},"end":{"line":13,"column":3}},"line":7},"13":{"name":"transformJson","decl":{"start":{"line":13,"column":73},"end":{"line":13,"column":86}},"loc":{"start":{"line":15,"column":4},"end":{"line":26,"column":5}},"line":15},"14":{"name":"(anonymous_14)","decl":{"start":{"line":19,"column":22},"end":{"line":19,"column":23}},"loc":{"start":{"line":19,"column":37},"end":{"line":21,"column":46}},"line":19},"15":{"name":"render","decl":{"start":{"line":26,"column":42},"end":{"line":26,"column":48}},"loc":{"start":{"line":28,"column":4},"end":{"line":78,"column":5}},"line":28}},"branchMap":{"0":{"loc":{"start":{"line":3,"column":187},"end":{"line":3,"column":233}},"type":"cond-expr","locations":[{"start":{"line":3,"column":211},"end":{"line":3,"column":214}},{"start":{"line":3,"column":217},"end":{"line":3,"column":233}}],"line":3},"1":{"loc":{"start":{"line":3,"column":187},"end":{"line":3,"column":208}},"type":"binary-expr","locations":[{"start":{"line":3,"column":187},"end":{"line":3,"column":190}},{"start":{"line":3,"column":194},"end":{"line":3,"column":208}}],"line":3},"2":{"loc":{"start":{"line":3,"column":284},"end":{"line":3,"column":383}},"type":"if","locations":[{"start":{"line":3,"column":284},"end":{"line":3,"column":383}},{"start":{"line":3,"column":284},"end":{"line":3,"column":383}}],"line":3},"3":{"loc":{"start":{"line":3,"column":517},"end":{"line":3,"column":547}},"type":"binary-expr","locations":[{"start":{"line":3,"column":517},"end":{"line":3,"column":538}},{"start":{"line":3,"column":542},"end":{"line":3,"column":547}}],"line":3},"4":{"loc":{"start":{"line":3,"column":579},"end":{"line":3,"column":633}},"type":"if","locations":[{"start":{"line":3,"column":579},"end":{"line":3,"column":633}},{"start":{"line":3,"column":579},"end":{"line":3,"column":633}}],"line":3},"5":{"loc":{"start":{"line":3,"column":754},"end":{"line":3,"column":823}},"type":"if","locations":[{"start":{"line":3,"column":754},"end":{"line":3,"column":823}},{"start":{"line":3,"column":754},"end":{"line":3,"column":823}}],"line":3},"6":{"loc":{"start":{"line":3,"column":823},"end":{"line":3,"column":884}},"type":"if","locations":[{"start":{"line":3,"column":823},"end":{"line":3,"column":884}},{"start":{"line":3,"column":823},"end":{"line":3,"column":884}}],"line":3},"7":{"loc":{"start":{"line":3,"column":953},"end":{"line":3,"column":1037}},"type":"if","locations":[{"start":{"line":3,"column":953},"end":{"line":3,"column":1037}},{"start":{"line":3,"column":953},"end":{"line":3,"column":1037}}],"line":3},"8":{"loc":{"start":{"line":3,"column":957},"end":{"line":3,"column":1021}},"type":"binary-expr","locations":[{"start":{"line":3,"column":957},"end":{"line":3,"column":961}},{"start":{"line":3,"column":966},"end":{"line":3,"column":990}},{"start":{"line":3,"column":994},"end":{"line":3,"column":1020}}],"line":3},"9":{"loc":{"start":{"line":3,"column":1113},"end":{"line":3,"column":1222}},"type":"if","locations":[{"start":{"line":3,"column":1113},"end":{"line":3,"column":1222}},{"start":{"line":3,"column":1113},"end":{"line":3,"column":1222}}],"line":3},"10":{"loc":{"start":{"line":3,"column":1282},"end":{"line":3,"column":1407}},"type":"cond-expr","locations":[{"start":{"line":3,"column":1306},"end":{"line":3,"column":1327}},{"start":{"line":3,"column":1330},"end":{"line":3,"column":1407}}],"line":3},"11":{"loc":{"start":{"line":3,"column":1366},"end":{"line":3,"column":1405}},"type":"binary-expr","locations":[{"start":{"line":3,"column":1366},"end":{"line":3,"column":1377}},{"start":{"line":3,"column":1381},"end":{"line":3,"column":1405}}],"line":3},"12":{"loc":{"start":{"line":3,"column":1477},"end":{"line":3,"column":1614}},"type":"if","locations":[{"start":{"line":3,"column":1477},"end":{"line":3,"column":1614}},{"start":{"line":3,"column":1477},"end":{"line":3,"column":1614}}],"line":3},"13":{"loc":{"start":{"line":3,"column":1481},"end":{"line":3,"column":1536}},"type":"binary-expr","locations":[{"start":{"line":3,"column":1481},"end":{"line":3,"column":1513}},{"start":{"line":3,"column":1517},"end":{"line":3,"column":1536}}],"line":3},"14":{"loc":{"start":{"line":3,"column":1649},"end":{"line":3,"column":1683}},"type":"binary-expr","locations":[{"start":{"line":3,"column":1649},"end":{"line":3,"column":1659}},{"start":{"line":3,"column":1663},"end":{"line":3,"column":1683}}],"line":3},"15":{"loc":{"start":{"line":3,"column":1759},"end":{"line":3,"column":1813}},"type":"if","locations":[{"start":{"line":3,"column":1759},"end":{"line":3,"column":1813}},{"start":{"line":3,"column":1759},"end":{"line":3,"column":1813}}],"line":3},"16":{"loc":{"start":{"line":3,"column":1864},"end":{"line":3,"column":1947}},"type":"binary-expr","locations":[{"start":{"line":3,"column":1864},"end":{"line":3,"column":1885}},{"start":{"line":3,"column":1889},"end":{"line":3,"column":1947}}],"line":3}},"s":{"0":1,"1":1,"2":1,"3":1,"4":1,"5":1,"6":1,"7":0,"8":0,"9":1,"10":1,"11":2,"12":2,"13":2,"14":2,"15":2,"16":2,"17":1,"18":1,"19":1,"20":0,"21":1,"22":0,"23":0,"24":0,"25":0,"26":0,"27":0,"28":0,"29":0,"30":0,"31":1,"32":0,"33":1,"34":1,"35":1,"36":1,"37":0,"38":0,"39":1,"40":1,"41":1,"42":0,"43":0,"44":0,"45":0,"46":1,"47":0,"48":0,"49":0,"50":0,"51":0,"52":0,"53":0,"54":1,"55":1,"56":1},"f":{"0":1,"1":0,"2":1,"3":1,"4":0,"5":0,"6":0,"7":0,"8":1,"9":1,"10":0,"11":1,"12":0,"13":0,"14":0,"15":0},"b":{"0":[0,1],"1":[1,1],"2":[0,0],"3":[2,2],"4":[2,0],"5":[1,0],"6":[0,1],"7":[0,0],"8":[0,0,0],"9":[0,0],"10":[0,0],"11":[0,0],"12":[0,1],"13":[1,0],"14":[1,1],"15":[1,0],"16":[1,0]},"_coverageSchema":"43e27e138ebf9cfc5966b082cf9a028302ed4184","hash":"aed2d131160c5af2ef83c578ab02f09b0836e1c1"}
,"/Users/hannahkwan/NeoChargeApp/TheJuicerz/neocharge-app/HomeOption.js": {"path":"/Users/hannahkwan/NeoChargeApp/TheJuicerz/neocharge-app/HomeOption.js","statementMap":{"0":{"start":{"line":1,"column":13},"end":{"line":1,"column":75}},"1":{"start":{"line":1,"column":75},"end":{"line":1,"column":100}},"2":{"start":{"line":1,"column":113},"end":{"line":1,"column":153}},"3":{"start":{"line":2,"column":19},"end":{"line":2,"column":42}},"4":{"start":{"line":2,"column":62},"end":{"line":2,"column":133}},"5":{"start":{"line":2,"column":172},"end":{"line":2,"column":226}},"6":{"start":{"line":2,"column":276},"end":{"line":2,"column":375}},"7":{"start":{"line":2,"column":317},"end":{"line":2,"column":374}},"8":{"start":{"line":2,"column":419},"end":{"line":2,"column":684}},"9":{"start":{"line":2,"column":432},"end":{"line":2,"column":433}},"10":{"start":{"line":2,"column":476},"end":{"line":2,"column":484}},"11":{"start":{"line":2,"column":485},"end":{"line":2,"column":540}},"12":{"start":{"line":2,"column":540},"end":{"line":2,"column":571}},"13":{"start":{"line":2,"column":571},"end":{"line":2,"column":625}},"14":{"start":{"line":2,"column":598},"end":{"line":2,"column":625}},"15":{"start":{"line":2,"column":625},"end":{"line":2,"column":683}},"16":{"start":{"line":2,"column":746},"end":{"line":2,"column":815}},"17":{"start":{"line":2,"column":762},"end":{"line":2,"column":815}},"18":{"start":{"line":2,"column":815},"end":{"line":2,"column":876}},"19":{"start":{"line":2,"column":832},"end":{"line":2,"column":876}},"20":{"start":{"line":2,"column":876},"end":{"line":2,"column":895}},"21":{"start":{"line":2,"column":945},"end":{"line":2,"column":1029}},"22":{"start":{"line":2,"column":1016},"end":{"line":2,"column":1028}},"23":{"start":{"line":2,"column":1029},"end":{"line":2,"column":1065}},"24":{"start":{"line":2,"column":1105},"end":{"line":2,"column":1214}},"25":{"start":{"line":2,"column":1127},"end":{"line":2,"column":1213}},"26":{"start":{"line":2,"column":1214},"end":{"line":2,"column":1226}},"27":{"start":{"line":2,"column":1256},"end":{"line":2,"column":1400}},"28":{"start":{"line":2,"column":1351},"end":{"line":2,"column":1398}},"29":{"start":{"line":2,"column":1400},"end":{"line":2,"column":1426}},"30":{"start":{"line":2,"column":1469},"end":{"line":2,"column":1606}},"31":{"start":{"line":2,"column":1531},"end":{"line":2,"column":1605}},"32":{"start":{"line":2,"column":1606},"end":{"line":2,"column":1751}},"33":{"start":{"line":2,"column":1751},"end":{"line":2,"column":1805}},"34":{"start":{"line":2,"column":1767},"end":{"line":2,"column":1805}},"35":{"start":{"line":2,"column":1838},"end":{"line":2,"column":1940}},"36":{"start":{"line":2,"column":1913},"end":{"line":2,"column":1929}},"37":{"start":{"line":2,"column":1929},"end":{"line":2,"column":1938}},"38":{"start":{"line":2,"column":1940},"end":{"line":2,"column":1969}},"39":{"start":{"line":4,"column":13},"end":{"line":16,"column":55}},"40":{"start":{"line":4,"column":42},"end":{"line":4,"column":82}},"41":{"start":{"line":4,"column":105},"end":{"line":4,"column":139}},"42":{"start":{"line":4,"column":139},"end":{"line":4,"column":231}},"43":{"start":{"line":4,"column":232},"end":{"line":16,"column":10}},"44":{"start":{"line":5,"column":17},"end":{"line":5,"column":21}},"45":{"start":{"line":6,"column":6},"end":{"line":13,"column":163}},"46":{"start":{"line":8,"column":39},"end":{"line":8,"column":88}},"47":{"start":{"line":16,"column":10},"end":{"line":16,"column":28}},"48":{"start":{"line":16,"column":56},"end":{"line":16,"column":85}},"49":{"start":{"line":19,"column":13},"end":{"line":30,"column":36}}},"fnMap":{"0":{"name":"_interopRequireDefault","decl":{"start":{"line":2,"column":143},"end":{"line":2,"column":165}},"loc":{"start":{"line":2,"column":171},"end":{"line":2,"column":227}},"line":2},"1":{"name":"_classCallCheck","decl":{"start":{"line":2,"column":236},"end":{"line":2,"column":251}},"loc":{"start":{"line":2,"column":275},"end":{"line":2,"column":376}},"line":2},"2":{"name":"_defineProperties","decl":{"start":{"line":2,"column":385},"end":{"line":2,"column":402}},"loc":{"start":{"line":2,"column":418},"end":{"line":2,"column":685}},"line":2},"3":{"name":"_createClass","decl":{"start":{"line":2,"column":694},"end":{"line":2,"column":706}},"loc":{"start":{"line":2,"column":745},"end":{"line":2,"column":896}},"line":2},"4":{"name":"_possibleConstructorReturn","decl":{"start":{"line":2,"column":905},"end":{"line":2,"column":931}},"loc":{"start":{"line":2,"column":944},"end":{"line":2,"column":1066}},"line":2},"5":{"name":"_assertThisInitialized","decl":{"start":{"line":2,"column":1075},"end":{"line":2,"column":1097}},"loc":{"start":{"line":2,"column":1104},"end":{"line":2,"column":1227}},"line":2},"6":{"name":"_getPrototypeOf","decl":{"start":{"line":2,"column":1236},"end":{"line":2,"column":1251}},"loc":{"start":{"line":2,"column":1255},"end":{"line":2,"column":1427}},"line":2},"7":{"name":"_getPrototypeOf","decl":{"start":{"line":2,"column":1331},"end":{"line":2,"column":1346}},"loc":{"start":{"line":2,"column":1350},"end":{"line":2,"column":1399}},"line":2},"8":{"name":"_inherits","decl":{"start":{"line":2,"column":1436},"end":{"line":2,"column":1445}},"loc":{"start":{"line":2,"column":1468},"end":{"line":2,"column":1806}},"line":2},"9":{"name":"_setPrototypeOf","decl":{"start":{"line":2,"column":1815},"end":{"line":2,"column":1830}},"loc":{"start":{"line":2,"column":1837},"end":{"line":2,"column":1970}},"line":2},"10":{"name":"_setPrototypeOf","decl":{"start":{"line":2,"column":1890},"end":{"line":2,"column":1905}},"loc":{"start":{"line":2,"column":1912},"end":{"line":2,"column":1939}},"line":2},"11":{"name":"(anonymous_11)","decl":{"start":{"line":4,"column":13},"end":{"line":4,"column":14}},"loc":{"start":{"line":4,"column":41},"end":{"line":16,"column":29}},"line":4},"12":{"name":"HomeOption","decl":{"start":{"line":4,"column":91},"end":{"line":4,"column":101}},"loc":{"start":{"line":4,"column":104},"end":{"line":4,"column":232}},"line":4},"13":{"name":"render","decl":{"start":{"line":4,"column":291},"end":{"line":4,"column":297}},"loc":{"start":{"line":5,"column":4},"end":{"line":16,"column":5}},"line":5},"14":{"name":"onPress","decl":{"start":{"line":8,"column":28},"end":{"line":8,"column":35}},"loc":{"start":{"line":8,"column":38},"end":{"line":8,"column":89}},"line":8}},"branchMap":{"0":{"loc":{"start":{"line":2,"column":179},"end":{"line":2,"column":225}},"type":"cond-expr","locations":[{"start":{"line":2,"column":203},"end":{"line":2,"column":206}},{"start":{"line":2,"column":209},"end":{"line":2,"column":225}}],"line":2},"1":{"loc":{"start":{"line":2,"column":179},"end":{"line":2,"column":200}},"type":"binary-expr","locations":[{"start":{"line":2,"column":179},"end":{"line":2,"column":182}},{"start":{"line":2,"column":186},"end":{"line":2,"column":200}}],"line":2},"2":{"loc":{"start":{"line":2,"column":276},"end":{"line":2,"column":375}},"type":"if","locations":[{"start":{"line":2,"column":276},"end":{"line":2,"column":375}},{"start":{"line":2,"column":276},"end":{"line":2,"column":375}}],"line":2},"3":{"loc":{"start":{"line":2,"column":509},"end":{"line":2,"column":539}},"type":"binary-expr","locations":[{"start":{"line":2,"column":509},"end":{"line":2,"column":530}},{"start":{"line":2,"column":534},"end":{"line":2,"column":539}}],"line":2},"4":{"loc":{"start":{"line":2,"column":571},"end":{"line":2,"column":625}},"type":"if","locations":[{"start":{"line":2,"column":571},"end":{"line":2,"column":625}},{"start":{"line":2,"column":571},"end":{"line":2,"column":625}}],"line":2},"5":{"loc":{"start":{"line":2,"column":746},"end":{"line":2,"column":815}},"type":"if","locations":[{"start":{"line":2,"column":746},"end":{"line":2,"column":815}},{"start":{"line":2,"column":746},"end":{"line":2,"column":815}}],"line":2},"6":{"loc":{"start":{"line":2,"column":815},"end":{"line":2,"column":876}},"type":"if","locations":[{"start":{"line":2,"column":815},"end":{"line":2,"column":876}},{"start":{"line":2,"column":815},"end":{"line":2,"column":876}}],"line":2},"7":{"loc":{"start":{"line":2,"column":945},"end":{"line":2,"column":1029}},"type":"if","locations":[{"start":{"line":2,"column":945},"end":{"line":2,"column":1029}},{"start":{"line":2,"column":945},"end":{"line":2,"column":1029}}],"line":2},"8":{"loc":{"start":{"line":2,"column":949},"end":{"line":2,"column":1013}},"type":"binary-expr","locations":[{"start":{"line":2,"column":949},"end":{"line":2,"column":953}},{"start":{"line":2,"column":958},"end":{"line":2,"column":982}},{"start":{"line":2,"column":986},"end":{"line":2,"column":1012}}],"line":2},"9":{"loc":{"start":{"line":2,"column":1105},"end":{"line":2,"column":1214}},"type":"if","locations":[{"start":{"line":2,"column":1105},"end":{"line":2,"column":1214}},{"start":{"line":2,"column":1105},"end":{"line":2,"column":1214}}],"line":2},"10":{"loc":{"start":{"line":2,"column":1274},"end":{"line":2,"column":1399}},"type":"cond-expr","locations":[{"start":{"line":2,"column":1298},"end":{"line":2,"column":1319}},{"start":{"line":2,"column":1322},"end":{"line":2,"column":1399}}],"line":2},"11":{"loc":{"start":{"line":2,"column":1358},"end":{"line":2,"column":1397}},"type":"binary-expr","locations":[{"start":{"line":2,"column":1358},"end":{"line":2,"column":1369}},{"start":{"line":2,"column":1373},"end":{"line":2,"column":1397}}],"line":2},"12":{"loc":{"start":{"line":2,"column":1469},"end":{"line":2,"column":1606}},"type":"if","locations":[{"start":{"line":2,"column":1469},"end":{"line":2,"column":1606}},{"start":{"line":2,"column":1469},"end":{"line":2,"column":1606}}],"line":2},"13":{"loc":{"start":{"line":2,"column":1473},"end":{"line":2,"column":1528}},"type":"binary-expr","locations":[{"start":{"line":2,"column":1473},"end":{"line":2,"column":1505}},{"start":{"line":2,"column":1509},"end":{"line":2,"column":1528}}],"line":2},"14":{"loc":{"start":{"line":2,"column":1641},"end":{"line":2,"column":1675}},"type":"binary-expr","locations":[{"start":{"line":2,"column":1641},"end":{"line":2,"column":1651}},{"start":{"line":2,"column":1655},"end":{"line":2,"column":1675}}],"line":2},"15":{"loc":{"start":{"line":2,"column":1751},"end":{"line":2,"column":1805}},"type":"if","locations":[{"start":{"line":2,"column":1751},"end":{"line":2,"column":1805}},{"start":{"line":2,"column":1751},"end":{"line":2,"column":1805}}],"line":2},"16":{"loc":{"start":{"line":2,"column":1856},"end":{"line":2,"column":1939}},"type":"binary-expr","locations":[{"start":{"line":2,"column":1856},"end":{"line":2,"column":1877}},{"start":{"line":2,"column":1881},"end":{"line":2,"column":1939}}],"line":2}},"s":{"0":1,"1":1,"2":1,"3":1,"4":1,"5":1,"6":0,"7":0,"8":1,"9":1,"10":1,"11":1,"12":1,"13":1,"14":1,"15":1,"16":1,"17":1,"18":1,"19":0,"20":1,"21":0,"22":0,"23":0,"24":0,"25":0,"26":0,"27":0,"28":0,"29":0,"30":1,"31":0,"32":1,"33":1,"34":1,"35":1,"36":0,"37":0,"38":1,"39":1,"40":1,"41":0,"42":0,"43":1,"44":0,"45":0,"46":0,"47":1,"48":1,"49":1},"f":{"0":1,"1":0,"2":1,"3":1,"4":0,"5":0,"6":0,"7":0,"8":1,"9":1,"10":0,"11":1,"12":0,"13":0,"14":0},"b":{"0":[0,1],"1":[1,1],"2":[0,0],"3":[1,1],"4":[1,0],"5":[1,0],"6":[0,1],"7":[0,0],"8":[0,0,0],"9":[0,0],"10":[0,0],"11":[0,0],"12":[0,1],"13":[1,0],"14":[1,1],"15":[1,0],"16":[1,0]},"_coverageSchema":"43e27e138ebf9cfc5966b082cf9a028302ed4184","hash":"349c8364ba97b8f52f13b0ed2ad3cda9f5e47272"}
,"/Users/hannahkwan/NeoChargeApp/TheJuicerz/neocharge-app/RateDisplay.js": {"path":"/Users/hannahkwan/NeoChargeApp/TheJuicerz/neocharge-app/RateDisplay.js","statementMap":{"0":{"start":{"line":1,"column":13},"end":{"line":1,"column":75}},"1":{"start":{"line":1,"column":75},"end":{"line":1,"column":100}},"2":{"start":{"line":1,"column":113},"end":{"line":1,"column":153}},"3":{"start":{"line":2,"column":19},"end":{"line":2,"column":42}},"4":{"start":{"line":2,"column":62},"end":{"line":2,"column":134}},"5":{"start":{"line":2,"column":173},"end":{"line":2,"column":227}},"6":{"start":{"line":2,"column":277},"end":{"line":2,"column":376}},"7":{"start":{"line":2,"column":318},"end":{"line":2,"column":375}},"8":{"start":{"line":2,"column":420},"end":{"line":2,"column":685}},"9":{"start":{"line":2,"column":433},"end":{"line":2,"column":434}},"10":{"start":{"line":2,"column":477},"end":{"line":2,"column":485}},"11":{"start":{"line":2,"column":486},"end":{"line":2,"column":541}},"12":{"start":{"line":2,"column":541},"end":{"line":2,"column":572}},"13":{"start":{"line":2,"column":572},"end":{"line":2,"column":626}},"14":{"start":{"line":2,"column":599},"end":{"line":2,"column":626}},"15":{"start":{"line":2,"column":626},"end":{"line":2,"column":684}},"16":{"start":{"line":2,"column":747},"end":{"line":2,"column":816}},"17":{"start":{"line":2,"column":763},"end":{"line":2,"column":816}},"18":{"start":{"line":2,"column":816},"end":{"line":2,"column":877}},"19":{"start":{"line":2,"column":833},"end":{"line":2,"column":877}},"20":{"start":{"line":2,"column":877},"end":{"line":2,"column":896}},"21":{"start":{"line":2,"column":946},"end":{"line":2,"column":1030}},"22":{"start":{"line":2,"column":1017},"end":{"line":2,"column":1029}},"23":{"start":{"line":2,"column":1030},"end":{"line":2,"column":1066}},"24":{"start":{"line":2,"column":1106},"end":{"line":2,"column":1215}},"25":{"start":{"line":2,"column":1128},"end":{"line":2,"column":1214}},"26":{"start":{"line":2,"column":1215},"end":{"line":2,"column":1227}},"27":{"start":{"line":2,"column":1257},"end":{"line":2,"column":1401}},"28":{"start":{"line":2,"column":1352},"end":{"line":2,"column":1399}},"29":{"start":{"line":2,"column":1401},"end":{"line":2,"column":1427}},"30":{"start":{"line":2,"column":1470},"end":{"line":2,"column":1607}},"31":{"start":{"line":2,"column":1532},"end":{"line":2,"column":1606}},"32":{"start":{"line":2,"column":1607},"end":{"line":2,"column":1752}},"33":{"start":{"line":2,"column":1752},"end":{"line":2,"column":1806}},"34":{"start":{"line":2,"column":1768},"end":{"line":2,"column":1806}},"35":{"start":{"line":2,"column":1839},"end":{"line":2,"column":1941}},"36":{"start":{"line":2,"column":1914},"end":{"line":2,"column":1930}},"37":{"start":{"line":2,"column":1930},"end":{"line":2,"column":1939}},"38":{"start":{"line":2,"column":1941},"end":{"line":2,"column":1970}},"39":{"start":{"line":4,"column":14},"end":{"line":38,"column":56}},"40":{"start":{"line":4,"column":43},"end":{"line":4,"column":84}},"41":{"start":{"line":5,"column":41},"end":{"line":5,"column":76}},"42":{"start":{"line":6,"column":4},"end":{"line":6,"column":93}},"43":{"start":{"line":7,"column":4},"end":{"line":8,"column":40}},"44":{"start":{"line":8,"column":40},"end":{"line":8,"column":53}},"45":{"start":{"line":10,"column":3},"end":{"line":38,"column":10}},"46":{"start":{"line":13,"column":20},"end":{"line":13,"column":35}},"47":{"start":{"line":14,"column":18},"end":{"line":14,"column":19}},"48":{"start":{"line":15,"column":18},"end":{"line":15,"column":68}},"49":{"start":{"line":16,"column":19},"end":{"line":16,"column":38}},"50":{"start":{"line":18,"column":6},"end":{"line":24,"column":9}},"51":{"start":{"line":19,"column":19},"end":{"line":19,"column":61}},"52":{"start":{"line":20,"column":23},"end":{"line":20,"column":46}},"53":{"start":{"line":22,"column":8},"end":{"line":23,"column":30}},"54":{"start":{"line":23,"column":8},"end":{"line":23,"column":30}},"55":{"start":{"line":27,"column":6},"end":{"line":27,"column":19}},"56":{"start":{"line":32,"column":6},"end":{"line":35,"column":147}},"57":{"start":{"line":38,"column":10},"end":{"line":38,"column":29}},"58":{"start":{"line":38,"column":57},"end":{"line":38,"column":87}},"59":{"start":{"line":41,"column":13},"end":{"line":55,"column":21}}},"fnMap":{"0":{"name":"_interopRequireDefault","decl":{"start":{"line":2,"column":144},"end":{"line":2,"column":166}},"loc":{"start":{"line":2,"column":172},"end":{"line":2,"column":228}},"line":2},"1":{"name":"_classCallCheck","decl":{"start":{"line":2,"column":237},"end":{"line":2,"column":252}},"loc":{"start":{"line":2,"column":276},"end":{"line":2,"column":377}},"line":2},"2":{"name":"_defineProperties","decl":{"start":{"line":2,"column":386},"end":{"line":2,"column":403}},"loc":{"start":{"line":2,"column":419},"end":{"line":2,"column":686}},"line":2},"3":{"name":"_createClass","decl":{"start":{"line":2,"column":695},"end":{"line":2,"column":707}},"loc":{"start":{"line":2,"column":746},"end":{"line":2,"column":897}},"line":2},"4":{"name":"_possibleConstructorReturn","decl":{"start":{"line":2,"column":906},"end":{"line":2,"column":932}},"loc":{"start":{"line":2,"column":945},"end":{"line":2,"column":1067}},"line":2},"5":{"name":"_assertThisInitialized","decl":{"start":{"line":2,"column":1076},"end":{"line":2,"column":1098}},"loc":{"start":{"line":2,"column":1105},"end":{"line":2,"column":1228}},"line":2},"6":{"name":"_getPrototypeOf","decl":{"start":{"line":2,"column":1237},"end":{"line":2,"column":1252}},"loc":{"start":{"line":2,"column":1256},"end":{"line":2,"column":1428}},"line":2},"7":{"name":"_getPrototypeOf","decl":{"start":{"line":2,"column":1332},"end":{"line":2,"column":1347}},"loc":{"start":{"line":2,"column":1351},"end":{"line":2,"column":1400}},"line":2},"8":{"name":"_inherits","decl":{"start":{"line":2,"column":1437},"end":{"line":2,"column":1446}},"loc":{"start":{"line":2,"column":1469},"end":{"line":2,"column":1807}},"line":2},"9":{"name":"_setPrototypeOf","decl":{"start":{"line":2,"column":1816},"end":{"line":2,"column":1831}},"loc":{"start":{"line":2,"column":1838},"end":{"line":2,"column":1971}},"line":2},"10":{"name":"_setPrototypeOf","decl":{"start":{"line":2,"column":1891},"end":{"line":2,"column":1906}},"loc":{"start":{"line":2,"column":1913},"end":{"line":2,"column":1940}},"line":2},"11":{"name":"(anonymous_11)","decl":{"start":{"line":4,"column":14},"end":{"line":4,"column":15}},"loc":{"start":{"line":4,"column":42},"end":{"line":38,"column":30}},"line":4},"12":{"name":"RateDisplay","decl":{"start":{"line":5,"column":11},"end":{"line":5,"column":22}},"loc":{"start":{"line":5,"column":30},"end":{"line":10,"column":3}},"line":5},"13":{"name":"getTotalCharge","decl":{"start":{"line":10,"column":71},"end":{"line":10,"column":85}},"loc":{"start":{"line":12,"column":4},"end":{"line":28,"column":5}},"line":12},"14":{"name":"(anonymous_14)","decl":{"start":{"line":18,"column":22},"end":{"line":18,"column":23}},"loc":{"start":{"line":18,"column":37},"end":{"line":24,"column":7}},"line":18},"15":{"name":"render","decl":{"start":{"line":28,"column":42},"end":{"line":28,"column":48}},"loc":{"start":{"line":30,"column":4},"end":{"line":38,"column":5}},"line":30}},"branchMap":{"0":{"loc":{"start":{"line":2,"column":180},"end":{"line":2,"column":226}},"type":"cond-expr","locations":[{"start":{"line":2,"column":204},"end":{"line":2,"column":207}},{"start":{"line":2,"column":210},"end":{"line":2,"column":226}}],"line":2},"1":{"loc":{"start":{"line":2,"column":180},"end":{"line":2,"column":201}},"type":"binary-expr","locations":[{"start":{"line":2,"column":180},"end":{"line":2,"column":183}},{"start":{"line":2,"column":187},"end":{"line":2,"column":201}}],"line":2},"2":{"loc":{"start":{"line":2,"column":277},"end":{"line":2,"column":376}},"type":"if","locations":[{"start":{"line":2,"column":277},"end":{"line":2,"column":376}},{"start":{"line":2,"column":277},"end":{"line":2,"column":376}}],"line":2},"3":{"loc":{"start":{"line":2,"column":510},"end":{"line":2,"column":540}},"type":"binary-expr","locations":[{"start":{"line":2,"column":510},"end":{"line":2,"column":531}},{"start":{"line":2,"column":535},"end":{"line":2,"column":540}}],"line":2},"4":{"loc":{"start":{"line":2,"column":572},"end":{"line":2,"column":626}},"type":"if","locations":[{"start":{"line":2,"column":572},"end":{"line":2,"column":626}},{"start":{"line":2,"column":572},"end":{"line":2,"column":626}}],"line":2},"5":{"loc":{"start":{"line":2,"column":747},"end":{"line":2,"column":816}},"type":"if","locations":[{"start":{"line":2,"column":747},"end":{"line":2,"column":816}},{"start":{"line":2,"column":747},"end":{"line":2,"column":816}}],"line":2},"6":{"loc":{"start":{"line":2,"column":816},"end":{"line":2,"column":877}},"type":"if","locations":[{"start":{"line":2,"column":816},"end":{"line":2,"column":877}},{"start":{"line":2,"column":816},"end":{"line":2,"column":877}}],"line":2},"7":{"loc":{"start":{"line":2,"column":946},"end":{"line":2,"column":1030}},"type":"if","locations":[{"start":{"line":2,"column":946},"end":{"line":2,"column":1030}},{"start":{"line":2,"column":946},"end":{"line":2,"column":1030}}],"line":2},"8":{"loc":{"start":{"line":2,"column":950},"end":{"line":2,"column":1014}},"type":"binary-expr","locations":[{"start":{"line":2,"column":950},"end":{"line":2,"column":954}},{"start":{"line":2,"column":959},"end":{"line":2,"column":983}},{"start":{"line":2,"column":987},"end":{"line":2,"column":1013}}],"line":2},"9":{"loc":{"start":{"line":2,"column":1106},"end":{"line":2,"column":1215}},"type":"if","locations":[{"start":{"line":2,"column":1106},"end":{"line":2,"column":1215}},{"start":{"line":2,"column":1106},"end":{"line":2,"column":1215}}],"line":2},"10":{"loc":{"start":{"line":2,"column":1275},"end":{"line":2,"column":1400}},"type":"cond-expr","locations":[{"start":{"line":2,"column":1299},"end":{"line":2,"column":1320}},{"start":{"line":2,"column":1323},"end":{"line":2,"column":1400}}],"line":2},"11":{"loc":{"start":{"line":2,"column":1359},"end":{"line":2,"column":1398}},"type":"binary-expr","locations":[{"start":{"line":2,"column":1359},"end":{"line":2,"column":1370}},{"start":{"line":2,"column":1374},"end":{"line":2,"column":1398}}],"line":2},"12":{"loc":{"start":{"line":2,"column":1470},"end":{"line":2,"column":1607}},"type":"if","locations":[{"start":{"line":2,"column":1470},"end":{"line":2,"column":1607}},{"start":{"line":2,"column":1470},"end":{"line":2,"column":1607}}],"line":2},"13":{"loc":{"start":{"line":2,"column":1474},"end":{"line":2,"column":1529}},"type":"binary-expr","locations":[{"start":{"line":2,"column":1474},"end":{"line":2,"column":1506}},{"start":{"line":2,"column":1510},"end":{"line":2,"column":1529}}],"line":2},"14":{"loc":{"start":{"line":2,"column":1642},"end":{"line":2,"column":1676}},"type":"binary-expr","locations":[{"start":{"line":2,"column":1642},"end":{"line":2,"column":1652}},{"start":{"line":2,"column":1656},"end":{"line":2,"column":1676}}],"line":2},"15":{"loc":{"start":{"line":2,"column":1752},"end":{"line":2,"column":1806}},"type":"if","locations":[{"start":{"line":2,"column":1752},"end":{"line":2,"column":1806}},{"start":{"line":2,"column":1752},"end":{"line":2,"column":1806}}],"line":2},"16":{"loc":{"start":{"line":2,"column":1857},"end":{"line":2,"column":1940}},"type":"binary-expr","locations":[{"start":{"line":2,"column":1857},"end":{"line":2,"column":1878}},{"start":{"line":2,"column":1882},"end":{"line":2,"column":1940}}],"line":2},"17":{"loc":{"start":{"line":22,"column":8},"end":{"line":23,"column":30}},"type":"if","locations":[{"start":{"line":22,"column":8},"end":{"line":23,"column":30}},{"start":{"line":22,"column":8},"end":{"line":23,"column":30}}],"line":22}},"s":{"0":1,"1":1,"2":1,"3":1,"4":1,"5":1,"6":1,"7":0,"8":1,"9":1,"10":2,"11":2,"12":2,"13":2,"14":2,"15":2,"16":1,"17":1,"18":1,"19":0,"20":1,"21":1,"22":0,"23":1,"24":1,"25":0,"26":1,"27":1,"28":0,"29":1,"30":1,"31":0,"32":1,"33":1,"34":1,"35":1,"36":0,"37":0,"38":1,"39":1,"40":1,"41":1,"42":1,"43":1,"44":1,"45":1,"46":1,"47":1,"48":1,"49":1,"50":1,"51":0,"52":0,"53":0,"54":0,"55":0,"56":1,"57":1,"58":1,"59":1},"f":{"0":1,"1":1,"2":1,"3":1,"4":1,"5":1,"6":1,"7":0,"8":1,"9":1,"10":0,"11":1,"12":1,"13":1,"14":0,"15":1},"b":{"0":[0,1],"1":[1,1],"2":[0,1],"3":[2,2],"4":[2,0],"5":[1,0],"6":[0,1],"7":[0,1],"8":[1,0,0],"9":[0,1],"10":[1,0],"11":[0,0],"12":[0,1],"13":[1,0],"14":[1,1],"15":[1,0],"16":[1,0],"17":[0,0]},"_coverageSchema":"43e27e138ebf9cfc5966b082cf9a028302ed4184","hash":"adb896d8377ea52b43ab8d4f6a89b1cfb39ec1fa"}
,"/Users/hannahkwan/NeoChargeApp/TheJuicerz/neocharge-app/assets/car-icon.png": {"path":"/Users/hannahkwan/NeoChargeApp/TheJuicerz/neocharge-app/assets/car-icon.png","statementMap":{"0":{"start":{"line":1,"column":0},"end":{"line":4,"column":6}}},"fnMap":{},"branchMap":{},"s":{"0":1},"f":{},"b":{},"_coverageSchema":"43e27e138ebf9cfc5966b082cf9a028302ed4184","hash":"3d3ed292c51f32b5f843a5ac8bea2aebcba0d1e8"}
,"/Users/hannahkwan/NeoChargeApp/TheJuicerz/neocharge-app/assets/empty-battery.png": {"path":"/Users/hannahkwan/NeoChargeApp/TheJuicerz/neocharge-app/assets/empty-battery.png","statementMap":{"0":{"start":{"line":1,"column":0},"end":{"line":4,"column":6}}},"fnMap":{},"branchMap":{},"s":{"0":1},"f":{},"b":{},"_coverageSchema":"43e27e138ebf9cfc5966b082cf9a028302ed4184","hash":"5ad28a2fc3343aa32b7d1e5afb2841941eaaba41"}
,"/Users/hannahkwan/NeoChargeApp/TheJuicerz/neocharge-app/assets/history-icon.png": {"path":"/Users/hannahkwan/NeoChargeApp/TheJuicerz/neocharge-app/assets/history-icon.png","statementMap":{"0":{"start":{"line":1,"column":0},"end":{"line":4,"column":6}}},"fnMap":{},"branchMap":{},"s":{"0":1},"f":{},"b":{},"_coverageSchema":"43e27e138ebf9cfc5966b082cf9a028302ed4184","hash":"209d9d19fdeb3e2eeecb2ceb06cf863189c8be30"}
,"/Users/hannahkwan/NeoChargeApp/TheJuicerz/neocharge-app/assets/notification-icon.png": {"path":"/Users/hannahkwan/NeoChargeApp/TheJuicerz/neocharge-app/assets/notification-icon.png","statementMap":{"0":{"start":{"line":1,"column":0},"end":{"line":4,"column":6}}},"fnMap":{},"branchMap":{},"s":{"0":1},"f":{},"b":{},"_coverageSchema":"43e27e138ebf9cfc5966b082cf9a028302ed4184","hash":"1a22ee1de018c3f4526dd4eaf8e1792732414d96"}
,"/Users/hannahkwan/NeoChargeApp/TheJuicerz/neocharge-app/assets/schedule-icon.png": {"path":"/Users/hannahkwan/NeoChargeApp/TheJuicerz/neocharge-app/assets/schedule-icon.png","statementMap":{"0":{"start":{"line":1,"column":0},"end":{"line":4,"column":6}}},"fnMap":{},"branchMap":{},"s":{"0":1},"f":{},"b":{},"_coverageSchema":"43e27e138ebf9cfc5966b082cf9a028302ed4184","hash":"bc7751bdcdc482e7720573d40cf49c22400466e6"}
,"/Users/hannahkwan/NeoChargeApp/TheJuicerz/neocharge-app/assets/smart-settings-icon.png": {"path":"/Users/hannahkwan/NeoChargeApp/TheJuicerz/neocharge-app/assets/smart-settings-icon.png","statementMap":{"0":{"start":{"line":1,"column":0},"end":{"line":4,"column":6}}},"fnMap":{},"branchMap":{},"s":{"0":1},"f":{},"b":{},"_coverageSchema":"43e27e138ebf9cfc5966b082cf9a028302ed4184","hash":"377607186bda6dd3b2fda0300fdb4d66226d689c"}
,"/Users/hannahkwan/NeoChargeApp/TheJuicerz/neocharge-app/screens/HomeScreen.js": {"path":"/Users/hannahkwan/NeoChargeApp/TheJuicerz/neocharge-app/screens/HomeScreen.js","statementMap":{"0":{"start":{"line":1,"column":13},"end":{"line":1,"column":75}},"1":{"start":{"line":1,"column":75},"end":{"line":1,"column":100}},"2":{"start":{"line":1,"column":113},"end":{"line":1,"column":153}},"3":{"start":{"line":2,"column":22},"end":{"line":2,"column":74}},"4":{"start":{"line":3,"column":19},"end":{"line":3,"column":42}},"5":{"start":{"line":4,"column":18},"end":{"line":4,"column":40}},"6":{"start":{"line":5,"column":18},"end":{"line":5,"column":66}},"7":{"start":{"line":5,"column":86},"end":{"line":5,"column":165}},"8":{"start":{"line":5,"column":204},"end":{"line":5,"column":258}},"9":{"start":{"line":5,"column":308},"end":{"line":5,"column":407}},"10":{"start":{"line":5,"column":349},"end":{"line":5,"column":406}},"11":{"start":{"line":5,"column":451},"end":{"line":5,"column":716}},"12":{"start":{"line":5,"column":464},"end":{"line":5,"column":465}},"13":{"start":{"line":5,"column":508},"end":{"line":5,"column":516}},"14":{"start":{"line":5,"column":517},"end":{"line":5,"column":572}},"15":{"start":{"line":5,"column":572},"end":{"line":5,"column":603}},"16":{"start":{"line":5,"column":603},"end":{"line":5,"column":657}},"17":{"start":{"line":5,"column":630},"end":{"line":5,"column":657}},"18":{"start":{"line":5,"column":657},"end":{"line":5,"column":715}},"19":{"start":{"line":5,"column":778},"end":{"line":5,"column":847}},"20":{"start":{"line":5,"column":794},"end":{"line":5,"column":847}},"21":{"start":{"line":5,"column":847},"end":{"line":5,"column":908}},"22":{"start":{"line":5,"column":864},"end":{"line":5,"column":908}},"23":{"start":{"line":5,"column":908},"end":{"line":5,"column":927}},"24":{"start":{"line":5,"column":977},"end":{"line":5,"column":1061}},"25":{"start":{"line":5,"column":1048},"end":{"line":5,"column":1060}},"26":{"start":{"line":5,"column":1061},"end":{"line":5,"column":1097}},"27":{"start":{"line":5,"column":1137},"end":{"line":5,"column":1246}},"28":{"start":{"line":5,"column":1159},"end":{"line":5,"column":1245}},"29":{"start":{"line":5,"column":1246},"end":{"line":5,"column":1258}},"30":{"start":{"line":5,"column":1288},"end":{"line":5,"column":1432}},"31":{"start":{"line":5,"column":1383},"end":{"line":5,"column":1430}},"32":{"start":{"line":5,"column":1432},"end":{"line":5,"column":1458}},"33":{"start":{"line":5,"column":1501},"end":{"line":5,"column":1638}},"34":{"start":{"line":5,"column":1563},"end":{"line":5,"column":1637}},"35":{"start":{"line":5,"column":1638},"end":{"line":5,"column":1783}},"36":{"start":{"line":5,"column":1783},"end":{"line":5,"column":1837}},"37":{"start":{"line":5,"column":1799},"end":{"line":5,"column":1837}},"38":{"start":{"line":5,"column":1870},"end":{"line":5,"column":1972}},"39":{"start":{"line":5,"column":1945},"end":{"line":5,"column":1961}},"40":{"start":{"line":5,"column":1961},"end":{"line":5,"column":1970}},"41":{"start":{"line":5,"column":1972},"end":{"line":5,"column":2001}},"42":{"start":{"line":7,"column":13},"end":{"line":97,"column":55}},"43":{"start":{"line":7,"column":42},"end":{"line":7,"column":82}},"44":{"start":{"line":8,"column":40},"end":{"line":8,"column":74}},"45":{"start":{"line":9,"column":4},"end":{"line":9,"column":92}},"46":{"start":{"line":9,"column":92},"end":{"line":29,"column":6}},"47":{"start":{"line":17,"column":23},"end":{"line":17,"column":49}},"48":{"start":{"line":18,"column":6},"end":{"line":28,"column":9}},"49":{"start":{"line":25,"column":27},"end":{"line":25,"column":79}},"50":{"start":{"line":27,"column":8},"end":{"line":27,"column":36}},"51":{"start":{"line":29,"column":6},"end":{"line":29,"column":63}},"52":{"start":{"line":29,"column":63},"end":{"line":29,"column":76}},"53":{"start":{"line":29,"column":77},"end":{"line":97,"column":10}},"54":{"start":{"line":32,"column":6},"end":{"line":75,"column":92}},"55":{"start":{"line":97,"column":10},"end":{"line":97,"column":28}},"56":{"start":{"line":97,"column":56},"end":{"line":97,"column":85}},"57":{"start":{"line":100,"column":13},"end":{"line":140,"column":25}}},"fnMap":{"0":{"name":"_interopRequireDefault","decl":{"start":{"line":5,"column":175},"end":{"line":5,"column":197}},"loc":{"start":{"line":5,"column":203},"end":{"line":5,"column":259}},"line":5},"1":{"name":"_classCallCheck","decl":{"start":{"line":5,"column":268},"end":{"line":5,"column":283}},"loc":{"start":{"line":5,"column":307},"end":{"line":5,"column":408}},"line":5},"2":{"name":"_defineProperties","decl":{"start":{"line":5,"column":417},"end":{"line":5,"column":434}},"loc":{"start":{"line":5,"column":450},"end":{"line":5,"column":717}},"line":5},"3":{"name":"_createClass","decl":{"start":{"line":5,"column":726},"end":{"line":5,"column":738}},"loc":{"start":{"line":5,"column":777},"end":{"line":5,"column":928}},"line":5},"4":{"name":"_possibleConstructorReturn","decl":{"start":{"line":5,"column":937},"end":{"line":5,"column":963}},"loc":{"start":{"line":5,"column":976},"end":{"line":5,"column":1098}},"line":5},"5":{"name":"_assertThisInitialized","decl":{"start":{"line":5,"column":1107},"end":{"line":5,"column":1129}},"loc":{"start":{"line":5,"column":1136},"end":{"line":5,"column":1259}},"line":5},"6":{"name":"_getPrototypeOf","decl":{"start":{"line":5,"column":1268},"end":{"line":5,"column":1283}},"loc":{"start":{"line":5,"column":1287},"end":{"line":5,"column":1459}},"line":5},"7":{"name":"_getPrototypeOf","decl":{"start":{"line":5,"column":1363},"end":{"line":5,"column":1378}},"loc":{"start":{"line":5,"column":1382},"end":{"line":5,"column":1431}},"line":5},"8":{"name":"_inherits","decl":{"start":{"line":5,"column":1468},"end":{"line":5,"column":1477}},"loc":{"start":{"line":5,"column":1500},"end":{"line":5,"column":1838}},"line":5},"9":{"name":"_setPrototypeOf","decl":{"start":{"line":5,"column":1847},"end":{"line":5,"column":1862}},"loc":{"start":{"line":5,"column":1869},"end":{"line":5,"column":2002}},"line":5},"10":{"name":"_setPrototypeOf","decl":{"start":{"line":5,"column":1922},"end":{"line":5,"column":1937}},"loc":{"start":{"line":5,"column":1944},"end":{"line":5,"column":1971}},"line":5},"11":{"name":"(anonymous_11)","decl":{"start":{"line":7,"column":13},"end":{"line":7,"column":14}},"loc":{"start":{"line":7,"column":41},"end":{"line":97,"column":29}},"line":7},"12":{"name":"HomeScreen","decl":{"start":{"line":8,"column":11},"end":{"line":8,"column":21}},"loc":{"start":{"line":8,"column":29},"end":{"line":29,"column":77}},"line":8},"13":{"name":"(anonymous_13)","decl":{"start":{"line":16,"column":26},"end":{"line":16,"column":27}},"loc":{"start":{"line":16,"column":38},"end":{"line":29,"column":5}},"line":16},"14":{"name":"(anonymous_14)","decl":{"start":{"line":25,"column":6},"end":{"line":25,"column":7}},"loc":{"start":{"line":25,"column":26},"end":{"line":25,"column":80}},"line":25},"15":{"name":"(anonymous_15)","decl":{"start":{"line":26,"column":12},"end":{"line":26,"column":13}},"loc":{"start":{"line":26,"column":29},"end":{"line":28,"column":7}},"line":26},"16":{"name":"render","decl":{"start":{"line":29,"column":136},"end":{"line":29,"column":142}},"loc":{"start":{"line":31,"column":4},"end":{"line":97,"column":5}},"line":31}},"branchMap":{"0":{"loc":{"start":{"line":5,"column":211},"end":{"line":5,"column":257}},"type":"cond-expr","locations":[{"start":{"line":5,"column":235},"end":{"line":5,"column":238}},{"start":{"line":5,"column":241},"end":{"line":5,"column":257}}],"line":5},"1":{"loc":{"start":{"line":5,"column":211},"end":{"line":5,"column":232}},"type":"binary-expr","locations":[{"start":{"line":5,"column":211},"end":{"line":5,"column":214}},{"start":{"line":5,"column":218},"end":{"line":5,"column":232}}],"line":5},"2":{"loc":{"start":{"line":5,"column":308},"end":{"line":5,"column":407}},"type":"if","locations":[{"start":{"line":5,"column":308},"end":{"line":5,"column":407}},{"start":{"line":5,"column":308},"end":{"line":5,"column":407}}],"line":5},"3":{"loc":{"start":{"line":5,"column":541},"end":{"line":5,"column":571}},"type":"binary-expr","locations":[{"start":{"line":5,"column":541},"end":{"line":5,"column":562}},{"start":{"line":5,"column":566},"end":{"line":5,"column":571}}],"line":5},"4":{"loc":{"start":{"line":5,"column":603},"end":{"line":5,"column":657}},"type":"if","locations":[{"start":{"line":5,"column":603},"end":{"line":5,"column":657}},{"start":{"line":5,"column":603},"end":{"line":5,"column":657}}],"line":5},"5":{"loc":{"start":{"line":5,"column":778},"end":{"line":5,"column":847}},"type":"if","locations":[{"start":{"line":5,"column":778},"end":{"line":5,"column":847}},{"start":{"line":5,"column":778},"end":{"line":5,"column":847}}],"line":5},"6":{"loc":{"start":{"line":5,"column":847},"end":{"line":5,"column":908}},"type":"if","locations":[{"start":{"line":5,"column":847},"end":{"line":5,"column":908}},{"start":{"line":5,"column":847},"end":{"line":5,"column":908}}],"line":5},"7":{"loc":{"start":{"line":5,"column":977},"end":{"line":5,"column":1061}},"type":"if","locations":[{"start":{"line":5,"column":977},"end":{"line":5,"column":1061}},{"start":{"line":5,"column":977},"end":{"line":5,"column":1061}}],"line":5},"8":{"loc":{"start":{"line":5,"column":981},"end":{"line":5,"column":1045}},"type":"binary-expr","locations":[{"start":{"line":5,"column":981},"end":{"line":5,"column":985}},{"start":{"line":5,"column":990},"end":{"line":5,"column":1014}},{"start":{"line":5,"column":1018},"end":{"line":5,"column":1044}}],"line":5},"9":{"loc":{"start":{"line":5,"column":1137},"end":{"line":5,"column":1246}},"type":"if","locations":[{"start":{"line":5,"column":1137},"end":{"line":5,"column":1246}},{"start":{"line":5,"column":1137},"end":{"line":5,"column":1246}}],"line":5},"10":{"loc":{"start":{"line":5,"column":1306},"end":{"line":5,"column":1431}},"type":"cond-expr","locations":[{"start":{"line":5,"column":1330},"end":{"line":5,"column":1351}},{"start":{"line":5,"column":1354},"end":{"line":5,"column":1431}}],"line":5},"11":{"loc":{"start":{"line":5,"column":1390},"end":{"line":5,"column":1429}},"type":"binary-expr","locations":[{"start":{"line":5,"column":1390},"end":{"line":5,"column":1401}},{"start":{"line":5,"column":1405},"end":{"line":5,"column":1429}}],"line":5},"12":{"loc":{"start":{"line":5,"column":1501},"end":{"line":5,"column":1638}},"type":"if","locations":[{"start":{"line":5,"column":1501},"end":{"line":5,"column":1638}},{"start":{"line":5,"column":1501},"end":{"line":5,"column":1638}}],"line":5},"13":{"loc":{"start":{"line":5,"column":1505},"end":{"line":5,"column":1560}},"type":"binary-expr","locations":[{"start":{"line":5,"column":1505},"end":{"line":5,"column":1537}},{"start":{"line":5,"column":1541},"end":{"line":5,"column":1560}}],"line":5},"14":{"loc":{"start":{"line":5,"column":1673},"end":{"line":5,"column":1707}},"type":"binary-expr","locations":[{"start":{"line":5,"column":1673},"end":{"line":5,"column":1683}},{"start":{"line":5,"column":1687},"end":{"line":5,"column":1707}}],"line":5},"15":{"loc":{"start":{"line":5,"column":1783},"end":{"line":5,"column":1837}},"type":"if","locations":[{"start":{"line":5,"column":1783},"end":{"line":5,"column":1837}},{"start":{"line":5,"column":1783},"end":{"line":5,"column":1837}}],"line":5},"16":{"loc":{"start":{"line":5,"column":1888},"end":{"line":5,"column":1971}},"type":"binary-expr","locations":[{"start":{"line":5,"column":1888},"end":{"line":5,"column":1909}},{"start":{"line":5,"column":1913},"end":{"line":5,"column":1971}}],"line":5}},"s":{"0":1,"1":1,"2":1,"3":1,"4":1,"5":1,"6":1,"7":1,"8":3,"9":1,"10":0,"11":1,"12":1,"13":1,"14":1,"15":1,"16":1,"17":1,"18":1,"19":1,"20":1,"21":1,"22":0,"23":1,"24":1,"25":0,"26":1,"27":1,"28":0,"29":1,"30":1,"31":0,"32":1,"33":1,"34":0,"35":1,"36":1,"37":1,"38":1,"39":0,"40":0,"41":1,"42":1,"43":1,"44":1,"45":1,"46":1,"47":0,"48":0,"49":0,"50":0,"51":1,"52":1,"53":1,"54":1,"55":1,"56":1,"57":1},"f":{"0":3,"1":1,"2":1,"3":1,"4":1,"5":1,"6":1,"7":0,"8":1,"9":1,"10":0,"11":1,"12":1,"13":0,"14":0,"15":0,"16":1},"b":{"0":[2,1],"1":[3,3],"2":[0,1],"3":[1,1],"4":[1,0],"5":[1,0],"6":[0,1],"7":[0,1],"8":[1,0,0],"9":[0,1],"10":[1,0],"11":[0,0],"12":[0,1],"13":[1,0],"14":[1,1],"15":[1,0],"16":[1,0]},"_coverageSchema":"43e27e138ebf9cfc5966b082cf9a028302ed4184","hash":"1ce10d3cc8e25d55f114fd66c3bee85f27a19f11"}
}
