TN:
SF:/Users/caseydaly/NeoCharge/TheJuicerz/neocharge-app/GraphComponent.js
FN:3,_interopRequireDefault
FN:3,_classCallCheck
FN:3,_defineProperties
FN:3,_createClass
FN:3,_possibleConstructorReturn
FN:3,_assertThisInitialized
FN:3,_getPrototypeOf
FN:3,_getPrototypeOf
FN:3,_inherits
FN:3,_setPrototypeOf
FN:3,_setPrototypeOf
FN:6,(anonymous_11)
FN:7,GraphComponent
FN:13,transformJson
FN:19,(anonymous_14)
FN:26,render
FNF:16
FNH:6
FNDA:1,_interopRequireDefault
FNDA:0,_classCallCheck
FNDA:1,_defineProperties
FNDA:1,_createClass
FNDA:0,_possibleConstructorReturn
FNDA:0,_assertThisInitialized
FNDA:0,_getPrototypeOf
FNDA:0,_getPrototypeOf
FNDA:1,_inherits
FNDA:1,_setPrototypeOf
FNDA:0,_setPrototypeOf
FNDA:1,(anonymous_11)
FNDA:0,GraphComponent
FNDA:0,transformJson
FNDA:0,(anonymous_14)
FNDA:0,render
DA:1,1
DA:2,1
DA:3,2
DA:6,1
DA:7,0
DA:8,0
DA:9,0
DA:11,0
DA:13,1
DA:16,0
DA:17,0
DA:19,0
DA:25,0
DA:29,0
DA:30,0
DA:78,1
DA:81,1
LF:17
LH:7
BRDA:3,0,0,0
BRDA:3,0,1,1
BRDA:3,1,0,1
BRDA:3,1,1,1
BRDA:3,2,0,0
BRDA:3,2,1,0
BRDA:3,3,0,2
BRDA:3,3,1,2
BRDA:3,4,0,2
BRDA:3,4,1,0
BRDA:3,5,0,1
BRDA:3,5,1,0
BRDA:3,6,0,0
BRDA:3,6,1,1
BRDA:3,7,0,0
BRDA:3,7,1,0
BRDA:3,8,0,0
BRDA:3,8,1,0
BRDA:3,8,2,0
BRDA:3,9,0,0
BRDA:3,9,1,0
BRDA:3,10,0,0
BRDA:3,10,1,0
BRDA:3,11,0,0
BRDA:3,11,1,0
BRDA:3,12,0,0
BRDA:3,12,1,1
BRDA:3,13,0,1
BRDA:3,13,1,0
BRDA:3,14,0,1
BRDA:3,14,1,1
BRDA:3,15,0,1
BRDA:3,15,1,0
BRDA:3,16,0,1
BRDA:3,16,1,0
BRF:35
BRH:14
end_of_record
TN:
SF:/Users/caseydaly/NeoCharge/TheJuicerz/neocharge-app/screens/HomeScreen.js
FN:4,_interopRequireDefault
FN:4,_classCallCheck
FN:4,_defineProperties
FN:4,_createClass
FN:4,_possibleConstructorReturn
FN:4,_assertThisInitialized
FN:4,_getPrototypeOf
FN:4,_getPrototypeOf
FN:4,_inherits
FN:4,_setPrototypeOf
FN:4,_setPrototypeOf
FN:6,(anonymous_11)
FN:7,HomeScreen
FN:15,(anonymous_13)
FN:25,(anonymous_14)
FN:28,(anonymous_15)
FN:31,render
FN:41,onChangeText
FNF:18
FNH:12
FNDA:2,_interopRequireDefault
FNDA:1,_classCallCheck
FNDA:1,_defineProperties
FNDA:1,_createClass
FNDA:1,_possibleConstructorReturn
FNDA:1,_assertThisInitialized
FNDA:1,_getPrototypeOf
FNDA:0,_getPrototypeOf
FNDA:1,_inherits
FNDA:1,_setPrototypeOf
FNDA:0,_setPrototypeOf
FNDA:1,(anonymous_11)
FNDA:1,HomeScreen
FNDA:0,(anonymous_13)
FNDA:0,(anonymous_14)
FNDA:0,(anonymous_15)
FNDA:1,render
FNDA:0,onChangeText
DA:1,1
DA:2,1
DA:3,1
DA:4,2
DA:6,1
DA:7,1
DA:8,1
DA:16,0
DA:17,0
DA:25,0
DA:29,0
DA:31,1
DA:33,1
DA:34,1
DA:41,0
DA:57,1
DA:60,1
LF:17
LH:12
BRDA:4,0,0,1
BRDA:4,0,1,1
BRDA:4,1,0,2
BRDA:4,1,1,2
BRDA:4,2,0,0
BRDA:4,2,1,1
BRDA:4,3,0,1
BRDA:4,3,1,1
BRDA:4,4,0,1
BRDA:4,4,1,0
BRDA:4,5,0,1
BRDA:4,5,1,0
BRDA:4,6,0,0
BRDA:4,6,1,1
BRDA:4,7,0,0
BRDA:4,7,1,1
BRDA:4,8,0,1
BRDA:4,8,1,0
BRDA:4,8,2,0
BRDA:4,9,0,0
BRDA:4,9,1,1
BRDA:4,10,0,1
BRDA:4,10,1,0
BRDA:4,11,0,0
BRDA:4,11,1,0
BRDA:4,12,0,0
BRDA:4,12,1,1
BRDA:4,13,0,1
BRDA:4,13,1,0
BRDA:4,14,0,1
BRDA:4,14,1,1
BRDA:4,15,0,1
BRDA:4,15,1,0
BRDA:4,16,0,1
BRDA:4,16,1,0
BRF:35
BRH:20
end_of_record
