TN:
SF:/Users/hannahkwan/NeoChargeApp/TheJuicerz/neocharge-app/assets/car-icon.png
FNF:0
FNH:0
DA:1,1
LF:1
LH:1
BRF:0
BRH:0
end_of_record
TN:
SF:/Users/hannahkwan/NeoChargeApp/TheJuicerz/neocharge-app/assets/colors.js
FNF:0
FNH:0
DA:1,1
DA:5,1
LF:2
LH:2
BRF:0
BRH:0
end_of_record
TN:
SF:/Users/hannahkwan/NeoChargeApp/TheJuicerz/neocharge-app/assets/history-icon.png
FNF:0
FNH:0
DA:1,1
LF:1
LH:1
BRF:0
BRH:0
end_of_record
TN:
SF:/Users/hannahkwan/NeoChargeApp/TheJuicerz/neocharge-app/assets/notification-icon.png
FNF:0
FNH:0
DA:1,1
LF:1
LH:1
BRF:0
BRH:0
end_of_record
TN:
SF:/Users/hannahkwan/NeoChargeApp/TheJuicerz/neocharge-app/assets/schedule-icon.png
FNF:0
FNH:0
DA:1,1
LF:1
LH:1
BRF:0
BRH:0
end_of_record
TN:
SF:/Users/hannahkwan/NeoChargeApp/TheJuicerz/neocharge-app/assets/smart-settings-icon.png
FNF:0
FNH:0
DA:1,1
LF:1
LH:1
BRF:0
BRH:0
end_of_record
TN:
SF:/Users/hannahkwan/NeoChargeApp/TheJuicerz/neocharge-app/components/Dashboard.js
FN:3,_interopRequireDefault
FN:3,ownKeys
FN:3,(anonymous_2)
FN:3,_objectSpread
FN:3,(anonymous_4)
FN:3,(anonymous_5)
FN:3,_defineProperty
FN:3,_classCallCheck
FN:3,_defineProperties
FN:3,_createClass
FN:3,_possibleConstructorReturn
FN:3,_assertThisInitialized
FN:3,_getPrototypeOf
FN:3,_getPrototypeOf
FN:3,_inherits
FN:3,_setPrototypeOf
FN:3,_setPrototypeOf
FN:5,(anonymous_17)
FN:5,Dashboard
FN:5,render
FNF:20
FNH:6
FNDA:2,_interopRequireDefault
FNDA:0,ownKeys
FNDA:0,(anonymous_2)
FNDA:0,_objectSpread
FNDA:0,(anonymous_4)
FNDA:0,(anonymous_5)
FNDA:0,_defineProperty
FNDA:0,_classCallCheck
FNDA:1,_defineProperties
FNDA:1,_createClass
FNDA:0,_possibleConstructorReturn
FNDA:0,_assertThisInitialized
FNDA:0,_getPrototypeOf
FNDA:0,_getPrototypeOf
FNDA:1,_inherits
FNDA:1,_setPrototypeOf
FNDA:0,_setPrototypeOf
FNDA:1,(anonymous_17)
FNDA:0,Dashboard
FNDA:0,render
DA:1,1
DA:2,1
DA:3,2
DA:5,1
DA:7,0
DA:49,1
DA:52,1
LF:7
LH:6
BRDA:3,0,0,1
BRDA:3,0,1,1
BRDA:3,1,0,2
BRDA:3,1,1,2
BRDA:3,2,0,0
BRDA:3,2,1,0
BRDA:3,3,0,0
BRDA:3,3,1,0
BRDA:3,4,0,0
BRDA:3,4,1,0
BRDA:3,5,0,0
BRDA:3,5,1,0
BRDA:3,6,0,0
BRDA:3,6,1,0
BRDA:3,7,0,0
BRDA:3,7,1,0
BRDA:3,8,0,0
BRDA:3,8,1,0
BRDA:3,9,0,1
BRDA:3,9,1,1
BRDA:3,10,0,1
BRDA:3,10,1,0
BRDA:3,11,0,1
BRDA:3,11,1,0
BRDA:3,12,0,0
BRDA:3,12,1,1
BRDA:3,13,0,0
BRDA:3,13,1,0
BRDA:3,14,0,0
BRDA:3,14,1,0
BRDA:3,14,2,0
BRDA:3,15,0,0
BRDA:3,15,1,0
BRDA:3,16,0,0
BRDA:3,16,1,0
BRDA:3,17,0,0
BRDA:3,17,1,0
BRDA:3,18,0,0
BRDA:3,18,1,1
BRDA:3,19,0,1
BRDA:3,19,1,0
BRDA:3,20,0,1
BRDA:3,20,1,1
BRDA:3,21,0,1
BRDA:3,21,1,0
BRDA:3,22,0,1
BRDA:3,22,1,0
BRF:47
BRH:15
end_of_record
TN:
SF:/Users/hannahkwan/NeoChargeApp/TheJuicerz/neocharge-app/components/HomeOption.js
FN:3,_interopRequireDefault
FN:3,_classCallCheck
FN:3,_defineProperties
FN:3,_createClass
FN:3,_possibleConstructorReturn
FN:3,_assertThisInitialized
FN:3,_getPrototypeOf
FN:3,_getPrototypeOf
FN:3,_inherits
FN:3,_setPrototypeOf
FN:3,_setPrototypeOf
FN:5,(anonymous_11)
FN:5,HomeOption
FN:5,render
FN:9,onPress
FNF:15
FNH:6
FNDA:2,_interopRequireDefault
FNDA:0,_classCallCheck
FNDA:1,_defineProperties
FNDA:1,_createClass
FNDA:0,_possibleConstructorReturn
FNDA:0,_assertThisInitialized
FNDA:0,_getPrototypeOf
FNDA:0,_getPrototypeOf
FNDA:1,_inherits
FNDA:1,_setPrototypeOf
FNDA:0,_setPrototypeOf
FNDA:1,(anonymous_11)
FNDA:0,HomeOption
FNDA:0,render
FNDA:0,onPress
DA:1,1
DA:2,1
DA:3,2
DA:5,1
DA:6,0
DA:7,0
DA:9,0
DA:20,1
DA:23,1
LF:9
LH:6
BRDA:3,0,0,1
BRDA:3,0,1,1
BRDA:3,1,0,2
BRDA:3,1,1,2
BRDA:3,2,0,0
BRDA:3,2,1,0
BRDA:3,3,0,1
BRDA:3,3,1,1
BRDA:3,4,0,1
BRDA:3,4,1,0
BRDA:3,5,0,1
BRDA:3,5,1,0
BRDA:3,6,0,0
BRDA:3,6,1,1
BRDA:3,7,0,0
BRDA:3,7,1,0
BRDA:3,8,0,0
BRDA:3,8,1,0
BRDA:3,8,2,0
BRDA:3,9,0,0
BRDA:3,9,1,0
BRDA:3,10,0,0
BRDA:3,10,1,0
BRDA:3,11,0,0
BRDA:3,11,1,0
BRDA:3,12,0,0
BRDA:3,12,1,1
BRDA:3,13,0,1
BRDA:3,13,1,0
BRDA:3,14,0,1
BRDA:3,14,1,1
BRDA:3,15,0,1
BRDA:3,15,1,0
BRDA:3,16,0,1
BRDA:3,16,1,0
BRF:35
BRH:15
end_of_record
TN:
SF:/Users/hannahkwan/NeoChargeApp/TheJuicerz/neocharge-app/components/RateDisplay.js
FN:2,_interopRequireDefault
FN:2,_classCallCheck
FN:2,_defineProperties
FN:2,_createClass
FN:2,_possibleConstructorReturn
FN:2,_assertThisInitialized
FN:2,_getPrototypeOf
FN:2,_getPrototypeOf
FN:2,_inherits
FN:2,_setPrototypeOf
FN:2,_setPrototypeOf
FN:4,(anonymous_11)
FN:5,RateDisplay
FN:10,getTotalCharge
FN:18,(anonymous_14)
FN:28,render
FNF:16
FNH:13
FNDA:1,_interopRequireDefault
FNDA:1,_classCallCheck
FNDA:1,_defineProperties
FNDA:1,_createClass
FNDA:1,_possibleConstructorReturn
FNDA:1,_assertThisInitialized
FNDA:1,_getPrototypeOf
FNDA:0,_getPrototypeOf
FNDA:1,_inherits
FNDA:1,_setPrototypeOf
FNDA:0,_setPrototypeOf
FNDA:1,(anonymous_11)
FNDA:1,RateDisplay
FNDA:1,getTotalCharge
FNDA:0,(anonymous_14)
FNDA:1,render
DA:1,1
DA:2,2
DA:4,1
DA:5,1
DA:6,1
DA:7,1
DA:8,1
DA:10,1
DA:13,1
DA:14,1
DA:15,1
DA:16,1
DA:18,1
DA:19,0
DA:20,0
DA:22,0
DA:23,0
DA:27,0
DA:32,1
DA:38,1
DA:41,1
LF:21
LH:16
BRDA:2,0,0,0
BRDA:2,0,1,1
BRDA:2,1,0,1
BRDA:2,1,1,1
BRDA:2,2,0,0
BRDA:2,2,1,1
BRDA:2,3,0,2
BRDA:2,3,1,2
BRDA:2,4,0,2
BRDA:2,4,1,0
BRDA:2,5,0,1
BRDA:2,5,1,0
BRDA:2,6,0,0
BRDA:2,6,1,1
BRDA:2,7,0,0
BRDA:2,7,1,1
BRDA:2,8,0,1
BRDA:2,8,1,0
BRDA:2,8,2,0
BRDA:2,9,0,0
BRDA:2,9,1,1
BRDA:2,10,0,1
BRDA:2,10,1,0
BRDA:2,11,0,0
BRDA:2,11,1,0
BRDA:2,12,0,0
BRDA:2,12,1,1
BRDA:2,13,0,1
BRDA:2,13,1,0
BRDA:2,14,0,1
BRDA:2,14,1,1
BRDA:2,15,0,1
BRDA:2,15,1,0
BRDA:2,16,0,1
BRDA:2,16,1,0
BRDA:22,17,0,0
BRDA:22,17,1,0
BRF:37
BRH:19
end_of_record
TN:
SF:/Users/hannahkwan/NeoChargeApp/TheJuicerz/neocharge-app/screens/HomeScreen.js
FN:5,_interopRequireDefault
FN:5,ownKeys
FN:5,(anonymous_2)
FN:5,_objectSpread
FN:5,(anonymous_4)
FN:5,(anonymous_5)
FN:5,_defineProperty
FN:5,_classCallCheck
FN:5,_defineProperties
FN:5,_createClass
FN:5,_possibleConstructorReturn
FN:5,_assertThisInitialized
FN:5,_getPrototypeOf
FN:5,_getPrototypeOf
FN:5,_inherits
FN:5,_setPrototypeOf
FN:5,_setPrototypeOf
FN:7,(anonymous_17)
FN:7,HomeScreen
FN:7,render
FNF:20
FNH:16
FNDA:4,_interopRequireDefault
FNDA:1,ownKeys
FNDA:0,(anonymous_2)
FNDA:1,_objectSpread
FNDA:2,(anonymous_4)
FNDA:0,(anonymous_5)
FNDA:2,_defineProperty
FNDA:1,_classCallCheck
FNDA:1,_defineProperties
FNDA:1,_createClass
FNDA:1,_possibleConstructorReturn
FNDA:1,_assertThisInitialized
FNDA:1,_getPrototypeOf
FNDA:0,_getPrototypeOf
FNDA:1,_inherits
FNDA:1,_setPrototypeOf
FNDA:0,_setPrototypeOf
FNDA:1,(anonymous_17)
FNDA:1,HomeScreen
FNDA:1,render
DA:1,1
DA:2,1
DA:3,1
DA:4,1
DA:5,4
DA:7,1
DA:9,1
DA:49,1
DA:52,1
LF:9
LH:9
BRDA:5,0,0,3
BRDA:5,0,1,1
BRDA:5,1,0,4
BRDA:5,1,1,4
BRDA:5,2,0,1
BRDA:5,2,1,0
BRDA:5,3,0,1
BRDA:5,3,1,0
BRDA:5,4,0,2
BRDA:5,4,1,0
BRDA:5,5,0,1
BRDA:5,5,1,1
BRDA:5,6,0,1
BRDA:5,6,1,0
BRDA:5,7,0,0
BRDA:5,7,1,2
BRDA:5,8,0,0
BRDA:5,8,1,1
BRDA:5,9,0,1
BRDA:5,9,1,1
BRDA:5,10,0,1
BRDA:5,10,1,0
BRDA:5,11,0,1
BRDA:5,11,1,0
BRDA:5,12,0,0
BRDA:5,12,1,1
BRDA:5,13,0,0
BRDA:5,13,1,1
BRDA:5,14,0,1
BRDA:5,14,1,0
BRDA:5,14,2,0
BRDA:5,15,0,0
BRDA:5,15,1,1
BRDA:5,16,0,1
BRDA:5,16,1,0
BRDA:5,17,0,0
BRDA:5,17,1,0
BRDA:5,18,0,0
BRDA:5,18,1,1
BRDA:5,19,0,1
BRDA:5,19,1,0
BRDA:5,20,0,1
BRDA:5,20,1,1
BRDA:5,21,0,1
BRDA:5,21,1,0
BRDA:5,22,0,1
BRDA:5,22,1,0
BRF:47
BRH:27
end_of_record
